
*** Running vivado
    with args -log test_cache_wrapper.vds -m64 -product Vivado -mode batch -messageDb vivado.pb -notrace -source test_cache_wrapper.tcl


****** Vivado v2019.1 (64-bit)
  **** SW Build 2552052 on Fri May 24 14:49:42 MDT 2019
  **** IP Build 2548770 on Fri May 24 18:01:18 MDT 2019
    ** Copyright 1986-2019 Xilinx, Inc. All Rights Reserved.

source test_cache_wrapper.tcl -notrace
INFO: [IP_Flow 19-234] Refreshing IP repositories
INFO: [IP_Flow 19-1704] No user IP repositories specified
INFO: [IP_Flow 19-2313] Loaded Vivado IP repository 'E:/Xilinx/Vivado/2019.1/data/ip'.
INFO: [IP_Flow 19-5107] Inferred bus interface 'RST' of definition 'xilinx.com:signal:reset:1.0' (from Xilinx Repository).
INFO: [IP_Flow 19-5107] Inferred bus interface 'CLK' of definition 'xilinx.com:signal:clock:1.0' (from Xilinx Repository).
INFO: [IP_Flow 19-4728] Bus Interface 'CLK': Added interface parameter 'ASSOCIATED_RESET' with value 'RST'.
WARNING: [IP_Flow 19-3153] Bus Interface 'CLK': ASSOCIATED_BUSIF bus parameter is missing.
INFO: [IP_Flow 19-234] Refreshing IP repositories
INFO: [IP_Flow 19-1704] No user IP repositories specified
INFO: [IP_Flow 19-5107] Inferred bus interface 'RST' of definition 'xilinx.com:signal:reset:1.0' (from Xilinx Repository).
INFO: [IP_Flow 19-5107] Inferred bus interface 'CLK' of definition 'xilinx.com:signal:clock:1.0' (from Xilinx Repository).
INFO: [IP_Flow 19-4728] Bus Interface 'CLK': Added interface parameter 'ASSOCIATED_RESET' with value 'RST'.
WARNING: [IP_Flow 19-3153] Bus Interface 'CLK': ASSOCIATED_BUSIF bus parameter is missing.
INFO: [IP_Flow 19-234] Refreshing IP repositories
INFO: [IP_Flow 19-1704] No user IP repositories specified
Command: synth_design -top test_cache_wrapper -part xc7a100tcsg324-1
Starting synth_design
Attempting to get a license for feature 'Synthesis' and/or device 'xc7a100t'
INFO: [Common 17-349] Got license for feature 'Synthesis' and/or device 'xc7a100t'
INFO: [Device 21-403] Loading part xc7a100tcsg324-1
INFO: Launching helper process for spawning children vivado processes
INFO: Helper process launched with PID 7704 
---------------------------------------------------------------------------------
Starting RTL Elaboration : Time (s): cpu = 00:00:03 ; elapsed = 00:00:04 . Memory (MB): peak = 951.035 ; gain = 177.766
---------------------------------------------------------------------------------
INFO: [Synth 8-638] synthesizing module 'test_cache_wrapper' [E:/xilinx_project/CPUproject/projet_CPU/Projet_2019/project_2019/project_2019.srcs/sources_1/bd/test_cache/hdl/test_cache_wrapper.vhd:33]
INFO: [Synth 8-3491] module 'test_cache' declared at 'E:/xilinx_project/CPUproject/projet_CPU/Projet_2019/project_2019/project_2019.srcs/sources_1/bd/test_cache/synth/test_cache.vhd:14' bound to instance 'test_cache_i' of component 'test_cache' [E:/xilinx_project/CPUproject/projet_CPU/Projet_2019/project_2019/project_2019.srcs/sources_1/bd/test_cache/hdl/test_cache_wrapper.vhd:53]
INFO: [Synth 8-638] synthesizing module 'test_cache' [E:/xilinx_project/CPUproject/projet_CPU/Projet_2019/project_2019/project_2019.srcs/sources_1/bd/test_cache/synth/test_cache.vhd:37]
INFO: [Synth 8-3491] module 'test_cache_Cache_bus_M_to_S_0_0' declared at 'e:/xilinx_project/CPUproject/projet_CPU/Projet_2019/project_2019/project_2019.srcs/sources_1/bd/test_cache/ip/test_cache_Cache_bus_M_to_S_0_0/synth/test_cache_Cache_bus_M_to_S_0_0.vhd:56' bound to instance 'Cache_bus_M_to_S_0' of component 'test_cache_Cache_bus_M_to_S_0_0' [E:/xilinx_project/CPUproject/projet_CPU/Projet_2019/project_2019/project_2019.srcs/sources_1/bd/test_cache/synth/test_cache.vhd:100]
INFO: [Synth 8-638] synthesizing module 'test_cache_Cache_bus_M_to_S_0_0' [e:/xilinx_project/CPUproject/projet_CPU/Projet_2019/project_2019/project_2019.srcs/sources_1/bd/test_cache/ip/test_cache_Cache_bus_M_to_S_0_0/synth/test_cache_Cache_bus_M_to_S_0_0.vhd:69]
	Parameter N_bit bound to: 32 - type: integer 
INFO: [Synth 8-3491] module 'Cache_bus_M_to_S' declared at 'E:/xilinx_project/CPUproject/projet_CPU/my_lib/Cache_bus_master_to_slave.vhd:34' bound to instance 'U0' of component 'Cache_bus_M_to_S' [e:/xilinx_project/CPUproject/projet_CPU/Projet_2019/project_2019/project_2019.srcs/sources_1/bd/test_cache/ip/test_cache_Cache_bus_M_to_S_0_0/synth/test_cache_Cache_bus_M_to_S_0_0.vhd:102]
INFO: [Synth 8-638] synthesizing module 'Cache_bus_M_to_S' [E:/xilinx_project/CPUproject/projet_CPU/my_lib/Cache_bus_master_to_slave.vhd:53]
	Parameter N_bit bound to: 32 - type: integer 
INFO: [Synth 8-226] default block is never used [E:/xilinx_project/CPUproject/projet_CPU/my_lib/Cache_bus_master_to_slave.vhd:67]
INFO: [Synth 8-226] default block is never used [E:/xilinx_project/CPUproject/projet_CPU/my_lib/Cache_bus_master_to_slave.vhd:91]
WARNING: [Synth 8-614] signal 'CLK' is read in the process but is not in the sensitivity list [E:/xilinx_project/CPUproject/projet_CPU/my_lib/Cache_bus_master_to_slave.vhd:86]
INFO: [Synth 8-226] default block is never used [E:/xilinx_project/CPUproject/projet_CPU/my_lib/Cache_bus_master_to_slave.vhd:108]
WARNING: [Synth 8-614] signal 'addr_buf' is read in the process but is not in the sensitivity list [E:/xilinx_project/CPUproject/projet_CPU/my_lib/Cache_bus_master_to_slave.vhd:106]
WARNING: [Synth 8-614] signal 'data_buf' is read in the process but is not in the sensitivity list [E:/xilinx_project/CPUproject/projet_CPU/my_lib/Cache_bus_master_to_slave.vhd:106]
INFO: [Synth 8-256] done synthesizing module 'Cache_bus_M_to_S' (1#1) [E:/xilinx_project/CPUproject/projet_CPU/my_lib/Cache_bus_master_to_slave.vhd:53]
INFO: [Synth 8-256] done synthesizing module 'test_cache_Cache_bus_M_to_S_0_0' (2#1) [e:/xilinx_project/CPUproject/projet_CPU/Projet_2019/project_2019/project_2019.srcs/sources_1/bd/test_cache/ip/test_cache_Cache_bus_M_to_S_0_0/synth/test_cache_Cache_bus_M_to_S_0_0.vhd:69]
INFO: [Synth 8-3491] module 'test_cache_Cache_bus_M_to_S_peer_0_1' declared at 'e:/xilinx_project/CPUproject/projet_CPU/Projet_2019/project_2019/project_2019.srcs/sources_1/bd/test_cache/ip/test_cache_Cache_bus_M_to_S_peer_0_1/synth/test_cache_Cache_bus_M_to_S_peer_0_1.vhd:56' bound to instance 'Cache_bus_M_to_S_peer_0' of component 'test_cache_Cache_bus_M_to_S_peer_0_1' [E:/xilinx_project/CPUproject/projet_CPU/Projet_2019/project_2019/project_2019.srcs/sources_1/bd/test_cache/synth/test_cache.vhd:111]
INFO: [Synth 8-638] synthesizing module 'test_cache_Cache_bus_M_to_S_peer_0_1' [e:/xilinx_project/CPUproject/projet_CPU/Projet_2019/project_2019/project_2019.srcs/sources_1/bd/test_cache/ip/test_cache_Cache_bus_M_to_S_peer_0_1/synth/test_cache_Cache_bus_M_to_S_peer_0_1.vhd:71]
	Parameter N_bit bound to: 32 - type: integer 
INFO: [Synth 8-3491] module 'Cache_bus_M_to_S_peer' declared at 'E:/xilinx_project/CPUproject/projet_CPU/my_lib/Cache_bus_master_to_slave_peer.vhd:34' bound to instance 'U0' of component 'Cache_bus_M_to_S_peer' [e:/xilinx_project/CPUproject/projet_CPU/Projet_2019/project_2019/project_2019.srcs/sources_1/bd/test_cache/ip/test_cache_Cache_bus_M_to_S_peer_0_1/synth/test_cache_Cache_bus_M_to_S_peer_0_1.vhd:106]
INFO: [Synth 8-638] synthesizing module 'Cache_bus_M_to_S_peer' [E:/xilinx_project/CPUproject/projet_CPU/my_lib/Cache_bus_master_to_slave_peer.vhd:56]
	Parameter N_bit bound to: 32 - type: integer 
INFO: [Synth 8-226] default block is never used [E:/xilinx_project/CPUproject/projet_CPU/my_lib/Cache_bus_master_to_slave_peer.vhd:70]
INFO: [Synth 8-226] default block is never used [E:/xilinx_project/CPUproject/projet_CPU/my_lib/Cache_bus_master_to_slave_peer.vhd:89]
WARNING: [Synth 8-614] signal 'CLK' is read in the process but is not in the sensitivity list [E:/xilinx_project/CPUproject/projet_CPU/my_lib/Cache_bus_master_to_slave_peer.vhd:86]
INFO: [Synth 8-226] default block is never used [E:/xilinx_project/CPUproject/projet_CPU/my_lib/Cache_bus_master_to_slave_peer.vhd:116]
INFO: [Synth 8-256] done synthesizing module 'Cache_bus_M_to_S_peer' (3#1) [E:/xilinx_project/CPUproject/projet_CPU/my_lib/Cache_bus_master_to_slave_peer.vhd:56]
INFO: [Synth 8-256] done synthesizing module 'test_cache_Cache_bus_M_to_S_peer_0_1' (4#1) [e:/xilinx_project/CPUproject/projet_CPU/Projet_2019/project_2019/project_2019.srcs/sources_1/bd/test_cache/ip/test_cache_Cache_bus_M_to_S_peer_0_1/synth/test_cache_Cache_bus_M_to_S_peer_0_1.vhd:71]
INFO: [Synth 8-256] done synthesizing module 'test_cache' (5#1) [E:/xilinx_project/CPUproject/projet_CPU/Projet_2019/project_2019/project_2019.srcs/sources_1/bd/test_cache/synth/test_cache.vhd:37]
INFO: [Synth 8-256] done synthesizing module 'test_cache_wrapper' (6#1) [E:/xilinx_project/CPUproject/projet_CPU/Projet_2019/project_2019/project_2019.srcs/sources_1/bd/test_cache/hdl/test_cache_wrapper.vhd:33]
---------------------------------------------------------------------------------
Finished RTL Elaboration : Time (s): cpu = 00:00:04 ; elapsed = 00:00:05 . Memory (MB): peak = 1015.621 ; gain = 242.352
---------------------------------------------------------------------------------

Report Check Netlist: 
+------+------------------+-------+---------+-------+------------------+
|      |Item              |Errors |Warnings |Status |Description       |
+------+------------------+-------+---------+-------+------------------+
|1     |multi_driven_nets |      0|        0|Passed |Multi driven nets |
+------+------------------+-------+---------+-------+------------------+
---------------------------------------------------------------------------------
Start Handling Custom Attributes
---------------------------------------------------------------------------------
---------------------------------------------------------------------------------
Finished Handling Custom Attributes : Time (s): cpu = 00:00:05 ; elapsed = 00:00:05 . Memory (MB): peak = 1015.621 ; gain = 242.352
---------------------------------------------------------------------------------
---------------------------------------------------------------------------------
Finished RTL Optimization Phase 1 : Time (s): cpu = 00:00:05 ; elapsed = 00:00:05 . Memory (MB): peak = 1015.621 ; gain = 242.352
---------------------------------------------------------------------------------
INFO: [Project 1-570] Preparing netlist for logic optimization

Processing XDC Constraints
Initializing timing engine
Parsing XDC File [E:/xilinx_project/CPUproject/projet_CPU/Projet_2019/project_2019/project_2019.srcs/constrs_1/imports/my_lib/Nexys-4-DDR-Master.xdc]
WARNING: [Vivado 12-584] No ports matched 'CLK100MHZ'. [E:/xilinx_project/CPUproject/projet_CPU/Projet_2019/project_2019/project_2019.srcs/constrs_1/imports/my_lib/Nexys-4-DDR-Master.xdc:7]
CRITICAL WARNING: [Common 17-55] 'set_property' expects at least one object. [E:/xilinx_project/CPUproject/projet_CPU/Projet_2019/project_2019/project_2019.srcs/constrs_1/imports/my_lib/Nexys-4-DDR-Master.xdc:7]
Resolution: If [get_<value>] was used to populate the object, check to make sure this command returns at least one valid object.
WARNING: [Vivado 12-584] No ports matched 'CLK100MHZ'. [E:/xilinx_project/CPUproject/projet_CPU/Projet_2019/project_2019/project_2019.srcs/constrs_1/imports/my_lib/Nexys-4-DDR-Master.xdc:8]
CRITICAL WARNING: [Vivado 12-4739] create_clock:No valid object(s) found for '-objects [get_ports CLK100MHZ]'. [E:/xilinx_project/CPUproject/projet_CPU/Projet_2019/project_2019/project_2019.srcs/constrs_1/imports/my_lib/Nexys-4-DDR-Master.xdc:8]
Resolution: Check if the specified object(s) exists in the current design. If it does, ensure that the correct design hierarchy was specified for the object. If you are working with clocks, make sure create_clock was used to create the clock object before it is referenced.
WARNING: [Vivado 12-584] No ports matched 'SW[0]'. [E:/xilinx_project/CPUproject/projet_CPU/Projet_2019/project_2019/project_2019.srcs/constrs_1/imports/my_lib/Nexys-4-DDR-Master.xdc:13]
CRITICAL WARNING: [Common 17-55] 'set_property' expects at least one object. [E:/xilinx_project/CPUproject/projet_CPU/Projet_2019/project_2019/project_2019.srcs/constrs_1/imports/my_lib/Nexys-4-DDR-Master.xdc:13]
Resolution: If [get_<value>] was used to populate the object, check to make sure this command returns at least one valid object.
WARNING: [Vivado 12-584] No ports matched 'SW[1]'. [E:/xilinx_project/CPUproject/projet_CPU/Projet_2019/project_2019/project_2019.srcs/constrs_1/imports/my_lib/Nexys-4-DDR-Master.xdc:14]
CRITICAL WARNING: [Common 17-55] 'set_property' expects at least one object. [E:/xilinx_project/CPUproject/projet_CPU/Projet_2019/project_2019/project_2019.srcs/constrs_1/imports/my_lib/Nexys-4-DDR-Master.xdc:14]
Resolution: If [get_<value>] was used to populate the object, check to make sure this command returns at least one valid object.
WARNING: [Vivado 12-584] No ports matched 'SW[2]'. [E:/xilinx_project/CPUproject/projet_CPU/Projet_2019/project_2019/project_2019.srcs/constrs_1/imports/my_lib/Nexys-4-DDR-Master.xdc:15]
CRITICAL WARNING: [Common 17-55] 'set_property' expects at least one object. [E:/xilinx_project/CPUproject/projet_CPU/Projet_2019/project_2019/project_2019.srcs/constrs_1/imports/my_lib/Nexys-4-DDR-Master.xdc:15]
Resolution: If [get_<value>] was used to populate the object, check to make sure this command returns at least one valid object.
WARNING: [Vivado 12-584] No ports matched 'SW[3]'. [E:/xilinx_project/CPUproject/projet_CPU/Projet_2019/project_2019/project_2019.srcs/constrs_1/imports/my_lib/Nexys-4-DDR-Master.xdc:16]
CRITICAL WARNING: [Common 17-55] 'set_property' expects at least one object. [E:/xilinx_project/CPUproject/projet_CPU/Projet_2019/project_2019/project_2019.srcs/constrs_1/imports/my_lib/Nexys-4-DDR-Master.xdc:16]
Resolution: If [get_<value>] was used to populate the object, check to make sure this command returns at least one valid object.
WARNING: [Vivado 12-584] No ports matched 'SW[4]'. [E:/xilinx_project/CPUproject/projet_CPU/Projet_2019/project_2019/project_2019.srcs/constrs_1/imports/my_lib/Nexys-4-DDR-Master.xdc:17]
CRITICAL WARNING: [Common 17-55] 'set_property' expects at least one object. [E:/xilinx_project/CPUproject/projet_CPU/Projet_2019/project_2019/project_2019.srcs/constrs_1/imports/my_lib/Nexys-4-DDR-Master.xdc:17]
Resolution: If [get_<value>] was used to populate the object, check to make sure this command returns at least one valid object.
WARNING: [Vivado 12-584] No ports matched 'SW[5]'. [E:/xilinx_project/CPUproject/projet_CPU/Projet_2019/project_2019/project_2019.srcs/constrs_1/imports/my_lib/Nexys-4-DDR-Master.xdc:18]
CRITICAL WARNING: [Common 17-55] 'set_property' expects at least one object. [E:/xilinx_project/CPUproject/projet_CPU/Projet_2019/project_2019/project_2019.srcs/constrs_1/imports/my_lib/Nexys-4-DDR-Master.xdc:18]
Resolution: If [get_<value>] was used to populate the object, check to make sure this command returns at least one valid object.
WARNING: [Vivado 12-584] No ports matched 'SW[6]'. [E:/xilinx_project/CPUproject/projet_CPU/Projet_2019/project_2019/project_2019.srcs/constrs_1/imports/my_lib/Nexys-4-DDR-Master.xdc:19]
CRITICAL WARNING: [Common 17-55] 'set_property' expects at least one object. [E:/xilinx_project/CPUproject/projet_CPU/Projet_2019/project_2019/project_2019.srcs/constrs_1/imports/my_lib/Nexys-4-DDR-Master.xdc:19]
Resolution: If [get_<value>] was used to populate the object, check to make sure this command returns at least one valid object.
WARNING: [Vivado 12-584] No ports matched 'SW[7]'. [E:/xilinx_project/CPUproject/projet_CPU/Projet_2019/project_2019/project_2019.srcs/constrs_1/imports/my_lib/Nexys-4-DDR-Master.xdc:20]
CRITICAL WARNING: [Common 17-55] 'set_property' expects at least one object. [E:/xilinx_project/CPUproject/projet_CPU/Projet_2019/project_2019/project_2019.srcs/constrs_1/imports/my_lib/Nexys-4-DDR-Master.xdc:20]
Resolution: If [get_<value>] was used to populate the object, check to make sure this command returns at least one valid object.
WARNING: [Vivado 12-584] No ports matched 'SW[8]'. [E:/xilinx_project/CPUproject/projet_CPU/Projet_2019/project_2019/project_2019.srcs/constrs_1/imports/my_lib/Nexys-4-DDR-Master.xdc:21]
CRITICAL WARNING: [Common 17-55] 'set_property' expects at least one object. [E:/xilinx_project/CPUproject/projet_CPU/Projet_2019/project_2019/project_2019.srcs/constrs_1/imports/my_lib/Nexys-4-DDR-Master.xdc:21]
Resolution: If [get_<value>] was used to populate the object, check to make sure this command returns at least one valid object.
WARNING: [Vivado 12-584] No ports matched 'SW[9]'. [E:/xilinx_project/CPUproject/projet_CPU/Projet_2019/project_2019/project_2019.srcs/constrs_1/imports/my_lib/Nexys-4-DDR-Master.xdc:22]
CRITICAL WARNING: [Common 17-55] 'set_property' expects at least one object. [E:/xilinx_project/CPUproject/projet_CPU/Projet_2019/project_2019/project_2019.srcs/constrs_1/imports/my_lib/Nexys-4-DDR-Master.xdc:22]
Resolution: If [get_<value>] was used to populate the object, check to make sure this command returns at least one valid object.
WARNING: [Vivado 12-584] No ports matched 'SW[10]'. [E:/xilinx_project/CPUproject/projet_CPU/Projet_2019/project_2019/project_2019.srcs/constrs_1/imports/my_lib/Nexys-4-DDR-Master.xdc:23]
CRITICAL WARNING: [Common 17-55] 'set_property' expects at least one object. [E:/xilinx_project/CPUproject/projet_CPU/Projet_2019/project_2019/project_2019.srcs/constrs_1/imports/my_lib/Nexys-4-DDR-Master.xdc:23]
Resolution: If [get_<value>] was used to populate the object, check to make sure this command returns at least one valid object.
WARNING: [Vivado 12-584] No ports matched 'SW[11]'. [E:/xilinx_project/CPUproject/projet_CPU/Projet_2019/project_2019/project_2019.srcs/constrs_1/imports/my_lib/Nexys-4-DDR-Master.xdc:24]
CRITICAL WARNING: [Common 17-55] 'set_property' expects at least one object. [E:/xilinx_project/CPUproject/projet_CPU/Projet_2019/project_2019/project_2019.srcs/constrs_1/imports/my_lib/Nexys-4-DDR-Master.xdc:24]
Resolution: If [get_<value>] was used to populate the object, check to make sure this command returns at least one valid object.
WARNING: [Vivado 12-584] No ports matched 'SW[12]'. [E:/xilinx_project/CPUproject/projet_CPU/Projet_2019/project_2019/project_2019.srcs/constrs_1/imports/my_lib/Nexys-4-DDR-Master.xdc:25]
CRITICAL WARNING: [Common 17-55] 'set_property' expects at least one object. [E:/xilinx_project/CPUproject/projet_CPU/Projet_2019/project_2019/project_2019.srcs/constrs_1/imports/my_lib/Nexys-4-DDR-Master.xdc:25]
Resolution: If [get_<value>] was used to populate the object, check to make sure this command returns at least one valid object.
WARNING: [Vivado 12-584] No ports matched 'SW[13]'. [E:/xilinx_project/CPUproject/projet_CPU/Projet_2019/project_2019/project_2019.srcs/constrs_1/imports/my_lib/Nexys-4-DDR-Master.xdc:26]
CRITICAL WARNING: [Common 17-55] 'set_property' expects at least one object. [E:/xilinx_project/CPUproject/projet_CPU/Projet_2019/project_2019/project_2019.srcs/constrs_1/imports/my_lib/Nexys-4-DDR-Master.xdc:26]
Resolution: If [get_<value>] was used to populate the object, check to make sure this command returns at least one valid object.
WARNING: [Vivado 12-584] No ports matched 'SW[14]'. [E:/xilinx_project/CPUproject/projet_CPU/Projet_2019/project_2019/project_2019.srcs/constrs_1/imports/my_lib/Nexys-4-DDR-Master.xdc:27]
CRITICAL WARNING: [Common 17-55] 'set_property' expects at least one object. [E:/xilinx_project/CPUproject/projet_CPU/Projet_2019/project_2019/project_2019.srcs/constrs_1/imports/my_lib/Nexys-4-DDR-Master.xdc:27]
Resolution: If [get_<value>] was used to populate the object, check to make sure this command returns at least one valid object.
WARNING: [Vivado 12-584] No ports matched 'SW[15]'. [E:/xilinx_project/CPUproject/projet_CPU/Projet_2019/project_2019/project_2019.srcs/constrs_1/imports/my_lib/Nexys-4-DDR-Master.xdc:28]
CRITICAL WARNING: [Common 17-55] 'set_property' expects at least one object. [E:/xilinx_project/CPUproject/projet_CPU/Projet_2019/project_2019/project_2019.srcs/constrs_1/imports/my_lib/Nexys-4-DDR-Master.xdc:28]
Resolution: If [get_<value>] was used to populate the object, check to make sure this command returns at least one valid object.
WARNING: [Vivado 12-584] No ports matched 'LED[0]'. [E:/xilinx_project/CPUproject/projet_CPU/Projet_2019/project_2019/project_2019.srcs/constrs_1/imports/my_lib/Nexys-4-DDR-Master.xdc:33]
CRITICAL WARNING: [Common 17-55] 'set_property' expects at least one object. [E:/xilinx_project/CPUproject/projet_CPU/Projet_2019/project_2019/project_2019.srcs/constrs_1/imports/my_lib/Nexys-4-DDR-Master.xdc:33]
Resolution: If [get_<value>] was used to populate the object, check to make sure this command returns at least one valid object.
WARNING: [Vivado 12-584] No ports matched 'LED[1]'. [E:/xilinx_project/CPUproject/projet_CPU/Projet_2019/project_2019/project_2019.srcs/constrs_1/imports/my_lib/Nexys-4-DDR-Master.xdc:34]
CRITICAL WARNING: [Common 17-55] 'set_property' expects at least one object. [E:/xilinx_project/CPUproject/projet_CPU/Projet_2019/project_2019/project_2019.srcs/constrs_1/imports/my_lib/Nexys-4-DDR-Master.xdc:34]
Resolution: If [get_<value>] was used to populate the object, check to make sure this command returns at least one valid object.
WARNING: [Vivado 12-584] No ports matched 'LED[2]'. [E:/xilinx_project/CPUproject/projet_CPU/Projet_2019/project_2019/project_2019.srcs/constrs_1/imports/my_lib/Nexys-4-DDR-Master.xdc:35]
CRITICAL WARNING: [Common 17-55] 'set_property' expects at least one object. [E:/xilinx_project/CPUproject/projet_CPU/Projet_2019/project_2019/project_2019.srcs/constrs_1/imports/my_lib/Nexys-4-DDR-Master.xdc:35]
Resolution: If [get_<value>] was used to populate the object, check to make sure this command returns at least one valid object.
WARNING: [Vivado 12-584] No ports matched 'LED[3]'. [E:/xilinx_project/CPUproject/projet_CPU/Projet_2019/project_2019/project_2019.srcs/constrs_1/imports/my_lib/Nexys-4-DDR-Master.xdc:36]
CRITICAL WARNING: [Common 17-55] 'set_property' expects at least one object. [E:/xilinx_project/CPUproject/projet_CPU/Projet_2019/project_2019/project_2019.srcs/constrs_1/imports/my_lib/Nexys-4-DDR-Master.xdc:36]
Resolution: If [get_<value>] was used to populate the object, check to make sure this command returns at least one valid object.
WARNING: [Vivado 12-584] No ports matched 'LED[4]'. [E:/xilinx_project/CPUproject/projet_CPU/Projet_2019/project_2019/project_2019.srcs/constrs_1/imports/my_lib/Nexys-4-DDR-Master.xdc:37]
CRITICAL WARNING: [Common 17-55] 'set_property' expects at least one object. [E:/xilinx_project/CPUproject/projet_CPU/Projet_2019/project_2019/project_2019.srcs/constrs_1/imports/my_lib/Nexys-4-DDR-Master.xdc:37]
Resolution: If [get_<value>] was used to populate the object, check to make sure this command returns at least one valid object.
WARNING: [Vivado 12-584] No ports matched 'LED[5]'. [E:/xilinx_project/CPUproject/projet_CPU/Projet_2019/project_2019/project_2019.srcs/constrs_1/imports/my_lib/Nexys-4-DDR-Master.xdc:38]
CRITICAL WARNING: [Common 17-55] 'set_property' expects at least one object. [E:/xilinx_project/CPUproject/projet_CPU/Projet_2019/project_2019/project_2019.srcs/constrs_1/imports/my_lib/Nexys-4-DDR-Master.xdc:38]
Resolution: If [get_<value>] was used to populate the object, check to make sure this command returns at least one valid object.
WARNING: [Vivado 12-584] No ports matched 'LED[6]'. [E:/xilinx_project/CPUproject/projet_CPU/Projet_2019/project_2019/project_2019.srcs/constrs_1/imports/my_lib/Nexys-4-DDR-Master.xdc:39]
CRITICAL WARNING: [Common 17-55] 'set_property' expects at least one object. [E:/xilinx_project/CPUproject/projet_CPU/Projet_2019/project_2019/project_2019.srcs/constrs_1/imports/my_lib/Nexys-4-DDR-Master.xdc:39]
Resolution: If [get_<value>] was used to populate the object, check to make sure this command returns at least one valid object.
WARNING: [Vivado 12-584] No ports matched 'LED[7]'. [E:/xilinx_project/CPUproject/projet_CPU/Projet_2019/project_2019/project_2019.srcs/constrs_1/imports/my_lib/Nexys-4-DDR-Master.xdc:40]
CRITICAL WARNING: [Common 17-55] 'set_property' expects at least one object. [E:/xilinx_project/CPUproject/projet_CPU/Projet_2019/project_2019/project_2019.srcs/constrs_1/imports/my_lib/Nexys-4-DDR-Master.xdc:40]
Resolution: If [get_<value>] was used to populate the object, check to make sure this command returns at least one valid object.
WARNING: [Vivado 12-584] No ports matched 'LED[8]'. [E:/xilinx_project/CPUproject/projet_CPU/Projet_2019/project_2019/project_2019.srcs/constrs_1/imports/my_lib/Nexys-4-DDR-Master.xdc:41]
CRITICAL WARNING: [Common 17-55] 'set_property' expects at least one object. [E:/xilinx_project/CPUproject/projet_CPU/Projet_2019/project_2019/project_2019.srcs/constrs_1/imports/my_lib/Nexys-4-DDR-Master.xdc:41]
Resolution: If [get_<value>] was used to populate the object, check to make sure this command returns at least one valid object.
WARNING: [Vivado 12-584] No ports matched 'LED[9]'. [E:/xilinx_project/CPUproject/projet_CPU/Projet_2019/project_2019/project_2019.srcs/constrs_1/imports/my_lib/Nexys-4-DDR-Master.xdc:42]
CRITICAL WARNING: [Common 17-55] 'set_property' expects at least one object. [E:/xilinx_project/CPUproject/projet_CPU/Projet_2019/project_2019/project_2019.srcs/constrs_1/imports/my_lib/Nexys-4-DDR-Master.xdc:42]
Resolution: If [get_<value>] was used to populate the object, check to make sure this command returns at least one valid object.
WARNING: [Vivado 12-584] No ports matched 'LED[10]'. [E:/xilinx_project/CPUproject/projet_CPU/Projet_2019/project_2019/project_2019.srcs/constrs_1/imports/my_lib/Nexys-4-DDR-Master.xdc:43]
CRITICAL WARNING: [Common 17-55] 'set_property' expects at least one object. [E:/xilinx_project/CPUproject/projet_CPU/Projet_2019/project_2019/project_2019.srcs/constrs_1/imports/my_lib/Nexys-4-DDR-Master.xdc:43]
Resolution: If [get_<value>] was used to populate the object, check to make sure this command returns at least one valid object.
WARNING: [Vivado 12-584] No ports matched 'LED[11]'. [E:/xilinx_project/CPUproject/projet_CPU/Projet_2019/project_2019/project_2019.srcs/constrs_1/imports/my_lib/Nexys-4-DDR-Master.xdc:44]
CRITICAL WARNING: [Common 17-55] 'set_property' expects at least one object. [E:/xilinx_project/CPUproject/projet_CPU/Projet_2019/project_2019/project_2019.srcs/constrs_1/imports/my_lib/Nexys-4-DDR-Master.xdc:44]
Resolution: If [get_<value>] was used to populate the object, check to make sure this command returns at least one valid object.
WARNING: [Vivado 12-584] No ports matched 'LED[12]'. [E:/xilinx_project/CPUproject/projet_CPU/Projet_2019/project_2019/project_2019.srcs/constrs_1/imports/my_lib/Nexys-4-DDR-Master.xdc:45]
CRITICAL WARNING: [Common 17-55] 'set_property' expects at least one object. [E:/xilinx_project/CPUproject/projet_CPU/Projet_2019/project_2019/project_2019.srcs/constrs_1/imports/my_lib/Nexys-4-DDR-Master.xdc:45]
Resolution: If [get_<value>] was used to populate the object, check to make sure this command returns at least one valid object.
WARNING: [Vivado 12-584] No ports matched 'LED[13]'. [E:/xilinx_project/CPUproject/projet_CPU/Projet_2019/project_2019/project_2019.srcs/constrs_1/imports/my_lib/Nexys-4-DDR-Master.xdc:46]
CRITICAL WARNING: [Common 17-55] 'set_property' expects at least one object. [E:/xilinx_project/CPUproject/projet_CPU/Projet_2019/project_2019/project_2019.srcs/constrs_1/imports/my_lib/Nexys-4-DDR-Master.xdc:46]
Resolution: If [get_<value>] was used to populate the object, check to make sure this command returns at least one valid object.
WARNING: [Vivado 12-584] No ports matched 'LED[14]'. [E:/xilinx_project/CPUproject/projet_CPU/Projet_2019/project_2019/project_2019.srcs/constrs_1/imports/my_lib/Nexys-4-DDR-Master.xdc:47]
CRITICAL WARNING: [Common 17-55] 'set_property' expects at least one object. [E:/xilinx_project/CPUproject/projet_CPU/Projet_2019/project_2019/project_2019.srcs/constrs_1/imports/my_lib/Nexys-4-DDR-Master.xdc:47]
Resolution: If [get_<value>] was used to populate the object, check to make sure this command returns at least one valid object.
WARNING: [Vivado 12-584] No ports matched 'LED[15]'. [E:/xilinx_project/CPUproject/projet_CPU/Projet_2019/project_2019/project_2019.srcs/constrs_1/imports/my_lib/Nexys-4-DDR-Master.xdc:48]
CRITICAL WARNING: [Common 17-55] 'set_property' expects at least one object. [E:/xilinx_project/CPUproject/projet_CPU/Projet_2019/project_2019/project_2019.srcs/constrs_1/imports/my_lib/Nexys-4-DDR-Master.xdc:48]
Resolution: If [get_<value>] was used to populate the object, check to make sure this command returns at least one valid object.
WARNING: [Vivado 12-584] No ports matched 'LED16_B'. [E:/xilinx_project/CPUproject/projet_CPU/Projet_2019/project_2019/project_2019.srcs/constrs_1/imports/my_lib/Nexys-4-DDR-Master.xdc:50]
CRITICAL WARNING: [Common 17-55] 'set_property' expects at least one object. [E:/xilinx_project/CPUproject/projet_CPU/Projet_2019/project_2019/project_2019.srcs/constrs_1/imports/my_lib/Nexys-4-DDR-Master.xdc:50]
Resolution: If [get_<value>] was used to populate the object, check to make sure this command returns at least one valid object.
WARNING: [Vivado 12-584] No ports matched 'LED16_G'. [E:/xilinx_project/CPUproject/projet_CPU/Projet_2019/project_2019/project_2019.srcs/constrs_1/imports/my_lib/Nexys-4-DDR-Master.xdc:51]
CRITICAL WARNING: [Common 17-55] 'set_property' expects at least one object. [E:/xilinx_project/CPUproject/projet_CPU/Projet_2019/project_2019/project_2019.srcs/constrs_1/imports/my_lib/Nexys-4-DDR-Master.xdc:51]
Resolution: If [get_<value>] was used to populate the object, check to make sure this command returns at least one valid object.
WARNING: [Vivado 12-584] No ports matched 'LED16_R'. [E:/xilinx_project/CPUproject/projet_CPU/Projet_2019/project_2019/project_2019.srcs/constrs_1/imports/my_lib/Nexys-4-DDR-Master.xdc:52]
CRITICAL WARNING: [Common 17-55] 'set_property' expects at least one object. [E:/xilinx_project/CPUproject/projet_CPU/Projet_2019/project_2019/project_2019.srcs/constrs_1/imports/my_lib/Nexys-4-DDR-Master.xdc:52]
Resolution: If [get_<value>] was used to populate the object, check to make sure this command returns at least one valid object.
WARNING: [Vivado 12-584] No ports matched 'LED17_B'. [E:/xilinx_project/CPUproject/projet_CPU/Projet_2019/project_2019/project_2019.srcs/constrs_1/imports/my_lib/Nexys-4-DDR-Master.xdc:53]
CRITICAL WARNING: [Common 17-55] 'set_property' expects at least one object. [E:/xilinx_project/CPUproject/projet_CPU/Projet_2019/project_2019/project_2019.srcs/constrs_1/imports/my_lib/Nexys-4-DDR-Master.xdc:53]
Resolution: If [get_<value>] was used to populate the object, check to make sure this command returns at least one valid object.
WARNING: [Vivado 12-584] No ports matched 'LED17_G'. [E:/xilinx_project/CPUproject/projet_CPU/Projet_2019/project_2019/project_2019.srcs/constrs_1/imports/my_lib/Nexys-4-DDR-Master.xdc:54]
CRITICAL WARNING: [Common 17-55] 'set_property' expects at least one object. [E:/xilinx_project/CPUproject/projet_CPU/Projet_2019/project_2019/project_2019.srcs/constrs_1/imports/my_lib/Nexys-4-DDR-Master.xdc:54]
Resolution: If [get_<value>] was used to populate the object, check to make sure this command returns at least one valid object.
WARNING: [Vivado 12-584] No ports matched 'LED17_R'. [E:/xilinx_project/CPUproject/projet_CPU/Projet_2019/project_2019/project_2019.srcs/constrs_1/imports/my_lib/Nexys-4-DDR-Master.xdc:55]
CRITICAL WARNING: [Common 17-55] 'set_property' expects at least one object. [E:/xilinx_project/CPUproject/projet_CPU/Projet_2019/project_2019/project_2019.srcs/constrs_1/imports/my_lib/Nexys-4-DDR-Master.xdc:55]
Resolution: If [get_<value>] was used to populate the object, check to make sure this command returns at least one valid object.
WARNING: [Vivado 12-584] No ports matched 'CA'. [E:/xilinx_project/CPUproject/projet_CPU/Projet_2019/project_2019/project_2019.srcs/constrs_1/imports/my_lib/Nexys-4-DDR-Master.xdc:60]
CRITICAL WARNING: [Common 17-55] 'set_property' expects at least one object. [E:/xilinx_project/CPUproject/projet_CPU/Projet_2019/project_2019/project_2019.srcs/constrs_1/imports/my_lib/Nexys-4-DDR-Master.xdc:60]
Resolution: If [get_<value>] was used to populate the object, check to make sure this command returns at least one valid object.
WARNING: [Vivado 12-584] No ports matched 'CB'. [E:/xilinx_project/CPUproject/projet_CPU/Projet_2019/project_2019/project_2019.srcs/constrs_1/imports/my_lib/Nexys-4-DDR-Master.xdc:61]
CRITICAL WARNING: [Common 17-55] 'set_property' expects at least one object. [E:/xilinx_project/CPUproject/projet_CPU/Projet_2019/project_2019/project_2019.srcs/constrs_1/imports/my_lib/Nexys-4-DDR-Master.xdc:61]
Resolution: If [get_<value>] was used to populate the object, check to make sure this command returns at least one valid object.
WARNING: [Vivado 12-584] No ports matched 'CC'. [E:/xilinx_project/CPUproject/projet_CPU/Projet_2019/project_2019/project_2019.srcs/constrs_1/imports/my_lib/Nexys-4-DDR-Master.xdc:62]
CRITICAL WARNING: [Common 17-55] 'set_property' expects at least one object. [E:/xilinx_project/CPUproject/projet_CPU/Projet_2019/project_2019/project_2019.srcs/constrs_1/imports/my_lib/Nexys-4-DDR-Master.xdc:62]
Resolution: If [get_<value>] was used to populate the object, check to make sure this command returns at least one valid object.
WARNING: [Vivado 12-584] No ports matched 'CD'. [E:/xilinx_project/CPUproject/projet_CPU/Projet_2019/project_2019/project_2019.srcs/constrs_1/imports/my_lib/Nexys-4-DDR-Master.xdc:63]
CRITICAL WARNING: [Common 17-55] 'set_property' expects at least one object. [E:/xilinx_project/CPUproject/projet_CPU/Projet_2019/project_2019/project_2019.srcs/constrs_1/imports/my_lib/Nexys-4-DDR-Master.xdc:63]
Resolution: If [get_<value>] was used to populate the object, check to make sure this command returns at least one valid object.
WARNING: [Vivado 12-584] No ports matched 'CE'. [E:/xilinx_project/CPUproject/projet_CPU/Projet_2019/project_2019/project_2019.srcs/constrs_1/imports/my_lib/Nexys-4-DDR-Master.xdc:64]
CRITICAL WARNING: [Common 17-55] 'set_property' expects at least one object. [E:/xilinx_project/CPUproject/projet_CPU/Projet_2019/project_2019/project_2019.srcs/constrs_1/imports/my_lib/Nexys-4-DDR-Master.xdc:64]
Resolution: If [get_<value>] was used to populate the object, check to make sure this command returns at least one valid object.
WARNING: [Vivado 12-584] No ports matched 'CF'. [E:/xilinx_project/CPUproject/projet_CPU/Projet_2019/project_2019/project_2019.srcs/constrs_1/imports/my_lib/Nexys-4-DDR-Master.xdc:65]
CRITICAL WARNING: [Common 17-55] 'set_property' expects at least one object. [E:/xilinx_project/CPUproject/projet_CPU/Projet_2019/project_2019/project_2019.srcs/constrs_1/imports/my_lib/Nexys-4-DDR-Master.xdc:65]
Resolution: If [get_<value>] was used to populate the object, check to make sure this command returns at least one valid object.
WARNING: [Vivado 12-584] No ports matched 'CG'. [E:/xilinx_project/CPUproject/projet_CPU/Projet_2019/project_2019/project_2019.srcs/constrs_1/imports/my_lib/Nexys-4-DDR-Master.xdc:66]
CRITICAL WARNING: [Common 17-55] 'set_property' expects at least one object. [E:/xilinx_project/CPUproject/projet_CPU/Projet_2019/project_2019/project_2019.srcs/constrs_1/imports/my_lib/Nexys-4-DDR-Master.xdc:66]
Resolution: If [get_<value>] was used to populate the object, check to make sure this command returns at least one valid object.
WARNING: [Vivado 12-584] No ports matched 'DP'. [E:/xilinx_project/CPUproject/projet_CPU/Projet_2019/project_2019/project_2019.srcs/constrs_1/imports/my_lib/Nexys-4-DDR-Master.xdc:68]
CRITICAL WARNING: [Common 17-55] 'set_property' expects at least one object. [E:/xilinx_project/CPUproject/projet_CPU/Projet_2019/project_2019/project_2019.srcs/constrs_1/imports/my_lib/Nexys-4-DDR-Master.xdc:68]
Resolution: If [get_<value>] was used to populate the object, check to make sure this command returns at least one valid object.
WARNING: [Vivado 12-584] No ports matched 'AN[0]'. [E:/xilinx_project/CPUproject/projet_CPU/Projet_2019/project_2019/project_2019.srcs/constrs_1/imports/my_lib/Nexys-4-DDR-Master.xdc:70]
CRITICAL WARNING: [Common 17-55] 'set_property' expects at least one object. [E:/xilinx_project/CPUproject/projet_CPU/Projet_2019/project_2019/project_2019.srcs/constrs_1/imports/my_lib/Nexys-4-DDR-Master.xdc:70]
Resolution: If [get_<value>] was used to populate the object, check to make sure this command returns at least one valid object.
WARNING: [Vivado 12-584] No ports matched 'AN[1]'. [E:/xilinx_project/CPUproject/projet_CPU/Projet_2019/project_2019/project_2019.srcs/constrs_1/imports/my_lib/Nexys-4-DDR-Master.xdc:71]
CRITICAL WARNING: [Common 17-55] 'set_property' expects at least one object. [E:/xilinx_project/CPUproject/projet_CPU/Projet_2019/project_2019/project_2019.srcs/constrs_1/imports/my_lib/Nexys-4-DDR-Master.xdc:71]
Resolution: If [get_<value>] was used to populate the object, check to make sure this command returns at least one valid object.
WARNING: [Vivado 12-584] No ports matched 'AN[2]'. [E:/xilinx_project/CPUproject/projet_CPU/Projet_2019/project_2019/project_2019.srcs/constrs_1/imports/my_lib/Nexys-4-DDR-Master.xdc:72]
CRITICAL WARNING: [Common 17-55] 'set_property' expects at least one object. [E:/xilinx_project/CPUproject/projet_CPU/Projet_2019/project_2019/project_2019.srcs/constrs_1/imports/my_lib/Nexys-4-DDR-Master.xdc:72]
Resolution: If [get_<value>] was used to populate the object, check to make sure this command returns at least one valid object.
WARNING: [Vivado 12-584] No ports matched 'AN[3]'. [E:/xilinx_project/CPUproject/projet_CPU/Projet_2019/project_2019/project_2019.srcs/constrs_1/imports/my_lib/Nexys-4-DDR-Master.xdc:73]
CRITICAL WARNING: [Common 17-55] 'set_property' expects at least one object. [E:/xilinx_project/CPUproject/projet_CPU/Projet_2019/project_2019/project_2019.srcs/constrs_1/imports/my_lib/Nexys-4-DDR-Master.xdc:73]
Resolution: If [get_<value>] was used to populate the object, check to make sure this command returns at least one valid object.
WARNING: [Vivado 12-584] No ports matched 'AN[4]'. [E:/xilinx_project/CPUproject/projet_CPU/Projet_2019/project_2019/project_2019.srcs/constrs_1/imports/my_lib/Nexys-4-DDR-Master.xdc:74]
CRITICAL WARNING: [Common 17-55] 'set_property' expects at least one object. [E:/xilinx_project/CPUproject/projet_CPU/Projet_2019/project_2019/project_2019.srcs/constrs_1/imports/my_lib/Nexys-4-DDR-Master.xdc:74]
Resolution: If [get_<value>] was used to populate the object, check to make sure this command returns at least one valid object.
WARNING: [Vivado 12-584] No ports matched 'AN[5]'. [E:/xilinx_project/CPUproject/projet_CPU/Projet_2019/project_2019/project_2019.srcs/constrs_1/imports/my_lib/Nexys-4-DDR-Master.xdc:75]
CRITICAL WARNING: [Common 17-55] 'set_property' expects at least one object. [E:/xilinx_project/CPUproject/projet_CPU/Projet_2019/project_2019/project_2019.srcs/constrs_1/imports/my_lib/Nexys-4-DDR-Master.xdc:75]
Resolution: If [get_<value>] was used to populate the object, check to make sure this command returns at least one valid object.
WARNING: [Vivado 12-584] No ports matched 'AN[6]'. [E:/xilinx_project/CPUproject/projet_CPU/Projet_2019/project_2019/project_2019.srcs/constrs_1/imports/my_lib/Nexys-4-DDR-Master.xdc:76]
CRITICAL WARNING: [Common 17-55] 'set_property' expects at least one object. [E:/xilinx_project/CPUproject/projet_CPU/Projet_2019/project_2019/project_2019.srcs/constrs_1/imports/my_lib/Nexys-4-DDR-Master.xdc:76]
Resolution: If [get_<value>] was used to populate the object, check to make sure this command returns at least one valid object.
WARNING: [Vivado 12-584] No ports matched 'AN[7]'. [E:/xilinx_project/CPUproject/projet_CPU/Projet_2019/project_2019/project_2019.srcs/constrs_1/imports/my_lib/Nexys-4-DDR-Master.xdc:77]
CRITICAL WARNING: [Common 17-55] 'set_property' expects at least one object. [E:/xilinx_project/CPUproject/projet_CPU/Projet_2019/project_2019/project_2019.srcs/constrs_1/imports/my_lib/Nexys-4-DDR-Master.xdc:77]
Resolution: If [get_<value>] was used to populate the object, check to make sure this command returns at least one valid object.
WARNING: [Vivado 12-584] No ports matched 'CPU_RST'. [E:/xilinx_project/CPUproject/projet_CPU/Projet_2019/project_2019/project_2019.srcs/constrs_1/imports/my_lib/Nexys-4-DDR-Master.xdc:82]
CRITICAL WARNING: [Common 17-55] 'set_property' expects at least one object. [E:/xilinx_project/CPUproject/projet_CPU/Projet_2019/project_2019/project_2019.srcs/constrs_1/imports/my_lib/Nexys-4-DDR-Master.xdc:82]
Resolution: If [get_<value>] was used to populate the object, check to make sure this command returns at least one valid object.
WARNING: [Vivado 12-584] No ports matched 'OK_BTN'. [E:/xilinx_project/CPUproject/projet_CPU/Projet_2019/project_2019/project_2019.srcs/constrs_1/imports/my_lib/Nexys-4-DDR-Master.xdc:84]
CRITICAL WARNING: [Common 17-55] 'set_property' expects at least one object. [E:/xilinx_project/CPUproject/projet_CPU/Projet_2019/project_2019/project_2019.srcs/constrs_1/imports/my_lib/Nexys-4-DDR-Master.xdc:84]
Resolution: If [get_<value>] was used to populate the object, check to make sure this command returns at least one valid object.
WARNING: [Vivado 12-584] No ports matched 'UP_BTN'. [E:/xilinx_project/CPUproject/projet_CPU/Projet_2019/project_2019/project_2019.srcs/constrs_1/imports/my_lib/Nexys-4-DDR-Master.xdc:85]
CRITICAL WARNING: [Common 17-55] 'set_property' expects at least one object. [E:/xilinx_project/CPUproject/projet_CPU/Projet_2019/project_2019/project_2019.srcs/constrs_1/imports/my_lib/Nexys-4-DDR-Master.xdc:85]
Resolution: If [get_<value>] was used to populate the object, check to make sure this command returns at least one valid object.
WARNING: [Vivado 12-584] No ports matched 'LEFT_BTN'. [E:/xilinx_project/CPUproject/projet_CPU/Projet_2019/project_2019/project_2019.srcs/constrs_1/imports/my_lib/Nexys-4-DDR-Master.xdc:86]
CRITICAL WARNING: [Common 17-55] 'set_property' expects at least one object. [E:/xilinx_project/CPUproject/projet_CPU/Projet_2019/project_2019/project_2019.srcs/constrs_1/imports/my_lib/Nexys-4-DDR-Master.xdc:86]
Resolution: If [get_<value>] was used to populate the object, check to make sure this command returns at least one valid object.
WARNING: [Vivado 12-584] No ports matched 'RIGHT_BTN'. [E:/xilinx_project/CPUproject/projet_CPU/Projet_2019/project_2019/project_2019.srcs/constrs_1/imports/my_lib/Nexys-4-DDR-Master.xdc:87]
CRITICAL WARNING: [Common 17-55] 'set_property' expects at least one object. [E:/xilinx_project/CPUproject/projet_CPU/Projet_2019/project_2019/project_2019.srcs/constrs_1/imports/my_lib/Nexys-4-DDR-Master.xdc:87]
Resolution: If [get_<value>] was used to populate the object, check to make sure this command returns at least one valid object.
WARNING: [Vivado 12-584] No ports matched 'DOWN_BTN'. [E:/xilinx_project/CPUproject/projet_CPU/Projet_2019/project_2019/project_2019.srcs/constrs_1/imports/my_lib/Nexys-4-DDR-Master.xdc:88]
CRITICAL WARNING: [Common 17-55] 'set_property' expects at least one object. [E:/xilinx_project/CPUproject/projet_CPU/Projet_2019/project_2019/project_2019.srcs/constrs_1/imports/my_lib/Nexys-4-DDR-Master.xdc:88]
Resolution: If [get_<value>] was used to populate the object, check to make sure this command returns at least one valid object.
WARNING: [Vivado 12-584] No ports matched 'JA[1]'. [E:/xilinx_project/CPUproject/projet_CPU/Projet_2019/project_2019/project_2019.srcs/constrs_1/imports/my_lib/Nexys-4-DDR-Master.xdc:96]
CRITICAL WARNING: [Common 17-55] 'set_property' expects at least one object. [E:/xilinx_project/CPUproject/projet_CPU/Projet_2019/project_2019/project_2019.srcs/constrs_1/imports/my_lib/Nexys-4-DDR-Master.xdc:96]
Resolution: If [get_<value>] was used to populate the object, check to make sure this command returns at least one valid object.
WARNING: [Vivado 12-584] No ports matched 'JA[2]'. [E:/xilinx_project/CPUproject/projet_CPU/Projet_2019/project_2019/project_2019.srcs/constrs_1/imports/my_lib/Nexys-4-DDR-Master.xdc:97]
CRITICAL WARNING: [Common 17-55] 'set_property' expects at least one object. [E:/xilinx_project/CPUproject/projet_CPU/Projet_2019/project_2019/project_2019.srcs/constrs_1/imports/my_lib/Nexys-4-DDR-Master.xdc:97]
Resolution: If [get_<value>] was used to populate the object, check to make sure this command returns at least one valid object.
WARNING: [Vivado 12-584] No ports matched 'JA[3]'. [E:/xilinx_project/CPUproject/projet_CPU/Projet_2019/project_2019/project_2019.srcs/constrs_1/imports/my_lib/Nexys-4-DDR-Master.xdc:98]
CRITICAL WARNING: [Common 17-55] 'set_property' expects at least one object. [E:/xilinx_project/CPUproject/projet_CPU/Projet_2019/project_2019/project_2019.srcs/constrs_1/imports/my_lib/Nexys-4-DDR-Master.xdc:98]
Resolution: If [get_<value>] was used to populate the object, check to make sure this command returns at least one valid object.
WARNING: [Vivado 12-584] No ports matched 'JA[4]'. [E:/xilinx_project/CPUproject/projet_CPU/Projet_2019/project_2019/project_2019.srcs/constrs_1/imports/my_lib/Nexys-4-DDR-Master.xdc:99]
CRITICAL WARNING: [Common 17-55] 'set_property' expects at least one object. [E:/xilinx_project/CPUproject/projet_CPU/Projet_2019/project_2019/project_2019.srcs/constrs_1/imports/my_lib/Nexys-4-DDR-Master.xdc:99]
Resolution: If [get_<value>] was used to populate the object, check to make sure this command returns at least one valid object.
WARNING: [Vivado 12-584] No ports matched 'JA[7]'. [E:/xilinx_project/CPUproject/projet_CPU/Projet_2019/project_2019/project_2019.srcs/constrs_1/imports/my_lib/Nexys-4-DDR-Master.xdc:100]
CRITICAL WARNING: [Common 17-55] 'set_property' expects at least one object. [E:/xilinx_project/CPUproject/projet_CPU/Projet_2019/project_2019/project_2019.srcs/constrs_1/imports/my_lib/Nexys-4-DDR-Master.xdc:100]
Resolution: If [get_<value>] was used to populate the object, check to make sure this command returns at least one valid object.
WARNING: [Vivado 12-584] No ports matched 'JA[8]'. [E:/xilinx_project/CPUproject/projet_CPU/Projet_2019/project_2019/project_2019.srcs/constrs_1/imports/my_lib/Nexys-4-DDR-Master.xdc:101]
CRITICAL WARNING: [Common 17-55] 'set_property' expects at least one object. [E:/xilinx_project/CPUproject/projet_CPU/Projet_2019/project_2019/project_2019.srcs/constrs_1/imports/my_lib/Nexys-4-DDR-Master.xdc:101]
Resolution: If [get_<value>] was used to populate the object, check to make sure this command returns at least one valid object.
WARNING: [Vivado 12-584] No ports matched 'JA[9]'. [E:/xilinx_project/CPUproject/projet_CPU/Projet_2019/project_2019/project_2019.srcs/constrs_1/imports/my_lib/Nexys-4-DDR-Master.xdc:102]
CRITICAL WARNING: [Common 17-55] 'set_property' expects at least one object. [E:/xilinx_project/CPUproject/projet_CPU/Projet_2019/project_2019/project_2019.srcs/constrs_1/imports/my_lib/Nexys-4-DDR-Master.xdc:102]
Resolution: If [get_<value>] was used to populate the object, check to make sure this command returns at least one valid object.
WARNING: [Vivado 12-584] No ports matched 'JA[10]'. [E:/xilinx_project/CPUproject/projet_CPU/Projet_2019/project_2019/project_2019.srcs/constrs_1/imports/my_lib/Nexys-4-DDR-Master.xdc:103]
CRITICAL WARNING: [Common 17-55] 'set_property' expects at least one object. [E:/xilinx_project/CPUproject/projet_CPU/Projet_2019/project_2019/project_2019.srcs/constrs_1/imports/my_lib/Nexys-4-DDR-Master.xdc:103]
Resolution: If [get_<value>] was used to populate the object, check to make sure this command returns at least one valid object.
WARNING: [Vivado 12-584] No ports matched 'JB[1]'. [E:/xilinx_project/CPUproject/projet_CPU/Projet_2019/project_2019/project_2019.srcs/constrs_1/imports/my_lib/Nexys-4-DDR-Master.xdc:108]
CRITICAL WARNING: [Common 17-55] 'set_property' expects at least one object. [E:/xilinx_project/CPUproject/projet_CPU/Projet_2019/project_2019/project_2019.srcs/constrs_1/imports/my_lib/Nexys-4-DDR-Master.xdc:108]
Resolution: If [get_<value>] was used to populate the object, check to make sure this command returns at least one valid object.
WARNING: [Vivado 12-584] No ports matched 'JB[2]'. [E:/xilinx_project/CPUproject/projet_CPU/Projet_2019/project_2019/project_2019.srcs/constrs_1/imports/my_lib/Nexys-4-DDR-Master.xdc:109]
CRITICAL WARNING: [Common 17-55] 'set_property' expects at least one object. [E:/xilinx_project/CPUproject/projet_CPU/Projet_2019/project_2019/project_2019.srcs/constrs_1/imports/my_lib/Nexys-4-DDR-Master.xdc:109]
Resolution: If [get_<value>] was used to populate the object, check to make sure this command returns at least one valid object.
WARNING: [Vivado 12-584] No ports matched 'JB[3]'. [E:/xilinx_project/CPUproject/projet_CPU/Projet_2019/project_2019/project_2019.srcs/constrs_1/imports/my_lib/Nexys-4-DDR-Master.xdc:110]
CRITICAL WARNING: [Common 17-55] 'set_property' expects at least one object. [E:/xilinx_project/CPUproject/projet_CPU/Projet_2019/project_2019/project_2019.srcs/constrs_1/imports/my_lib/Nexys-4-DDR-Master.xdc:110]
Resolution: If [get_<value>] was used to populate the object, check to make sure this command returns at least one valid object.
WARNING: [Vivado 12-584] No ports matched 'JB[4]'. [E:/xilinx_project/CPUproject/projet_CPU/Projet_2019/project_2019/project_2019.srcs/constrs_1/imports/my_lib/Nexys-4-DDR-Master.xdc:111]
CRITICAL WARNING: [Common 17-55] 'set_property' expects at least one object. [E:/xilinx_project/CPUproject/projet_CPU/Projet_2019/project_2019/project_2019.srcs/constrs_1/imports/my_lib/Nexys-4-DDR-Master.xdc:111]
Resolution: If [get_<value>] was used to populate the object, check to make sure this command returns at least one valid object.
WARNING: [Vivado 12-584] No ports matched 'JB[7]'. [E:/xilinx_project/CPUproject/projet_CPU/Projet_2019/project_2019/project_2019.srcs/constrs_1/imports/my_lib/Nexys-4-DDR-Master.xdc:112]
CRITICAL WARNING: [Common 17-55] 'set_property' expects at least one object. [E:/xilinx_project/CPUproject/projet_CPU/Projet_2019/project_2019/project_2019.srcs/constrs_1/imports/my_lib/Nexys-4-DDR-Master.xdc:112]
Resolution: If [get_<value>] was used to populate the object, check to make sure this command returns at least one valid object.
WARNING: [Vivado 12-584] No ports matched 'JB[8]'. [E:/xilinx_project/CPUproject/projet_CPU/Projet_2019/project_2019/project_2019.srcs/constrs_1/imports/my_lib/Nexys-4-DDR-Master.xdc:113]
CRITICAL WARNING: [Common 17-55] 'set_property' expects at least one object. [E:/xilinx_project/CPUproject/projet_CPU/Projet_2019/project_2019/project_2019.srcs/constrs_1/imports/my_lib/Nexys-4-DDR-Master.xdc:113]
Resolution: If [get_<value>] was used to populate the object, check to make sure this command returns at least one valid object.
WARNING: [Vivado 12-584] No ports matched 'JB[9]'. [E:/xilinx_project/CPUproject/projet_CPU/Projet_2019/project_2019/project_2019.srcs/constrs_1/imports/my_lib/Nexys-4-DDR-Master.xdc:114]
CRITICAL WARNING: [Common 17-55] 'set_property' expects at least one object. [E:/xilinx_project/CPUproject/projet_CPU/Projet_2019/project_2019/project_2019.srcs/constrs_1/imports/my_lib/Nexys-4-DDR-Master.xdc:114]
Resolution: If [get_<value>] was used to populate the object, check to make sure this command returns at least one valid object.
WARNING: [Vivado 12-584] No ports matched 'JB[10]'. [E:/xilinx_project/CPUproject/projet_CPU/Projet_2019/project_2019/project_2019.srcs/constrs_1/imports/my_lib/Nexys-4-DDR-Master.xdc:115]
CRITICAL WARNING: [Common 17-55] 'set_property' expects at least one object. [E:/xilinx_project/CPUproject/projet_CPU/Projet_2019/project_2019/project_2019.srcs/constrs_1/imports/my_lib/Nexys-4-DDR-Master.xdc:115]
Resolution: If [get_<value>] was used to populate the object, check to make sure this command returns at least one valid object.
WARNING: [Vivado 12-584] No ports matched 'JC[1]'. [E:/xilinx_project/CPUproject/projet_CPU/Projet_2019/project_2019/project_2019.srcs/constrs_1/imports/my_lib/Nexys-4-DDR-Master.xdc:120]
CRITICAL WARNING: [Common 17-55] 'set_property' expects at least one object. [E:/xilinx_project/CPUproject/projet_CPU/Projet_2019/project_2019/project_2019.srcs/constrs_1/imports/my_lib/Nexys-4-DDR-Master.xdc:120]
Resolution: If [get_<value>] was used to populate the object, check to make sure this command returns at least one valid object.
WARNING: [Vivado 12-584] No ports matched 'JC[2]'. [E:/xilinx_project/CPUproject/projet_CPU/Projet_2019/project_2019/project_2019.srcs/constrs_1/imports/my_lib/Nexys-4-DDR-Master.xdc:121]
CRITICAL WARNING: [Common 17-55] 'set_property' expects at least one object. [E:/xilinx_project/CPUproject/projet_CPU/Projet_2019/project_2019/project_2019.srcs/constrs_1/imports/my_lib/Nexys-4-DDR-Master.xdc:121]
Resolution: If [get_<value>] was used to populate the object, check to make sure this command returns at least one valid object.
WARNING: [Vivado 12-584] No ports matched 'JC[3]'. [E:/xilinx_project/CPUproject/projet_CPU/Projet_2019/project_2019/project_2019.srcs/constrs_1/imports/my_lib/Nexys-4-DDR-Master.xdc:122]
CRITICAL WARNING: [Common 17-55] 'set_property' expects at least one object. [E:/xilinx_project/CPUproject/projet_CPU/Projet_2019/project_2019/project_2019.srcs/constrs_1/imports/my_lib/Nexys-4-DDR-Master.xdc:122]
Resolution: If [get_<value>] was used to populate the object, check to make sure this command returns at least one valid object.
WARNING: [Vivado 12-584] No ports matched 'JC[4]'. [E:/xilinx_project/CPUproject/projet_CPU/Projet_2019/project_2019/project_2019.srcs/constrs_1/imports/my_lib/Nexys-4-DDR-Master.xdc:123]
CRITICAL WARNING: [Common 17-55] 'set_property' expects at least one object. [E:/xilinx_project/CPUproject/projet_CPU/Projet_2019/project_2019/project_2019.srcs/constrs_1/imports/my_lib/Nexys-4-DDR-Master.xdc:123]
Resolution: If [get_<value>] was used to populate the object, check to make sure this command returns at least one valid object.
WARNING: [Vivado 12-584] No ports matched 'JC[7]'. [E:/xilinx_project/CPUproject/projet_CPU/Projet_2019/project_2019/project_2019.srcs/constrs_1/imports/my_lib/Nexys-4-DDR-Master.xdc:124]
CRITICAL WARNING: [Common 17-55] 'set_property' expects at least one object. [E:/xilinx_project/CPUproject/projet_CPU/Projet_2019/project_2019/project_2019.srcs/constrs_1/imports/my_lib/Nexys-4-DDR-Master.xdc:124]
Resolution: If [get_<value>] was used to populate the object, check to make sure this command returns at least one valid object.
WARNING: [Vivado 12-584] No ports matched 'JC[8]'. [E:/xilinx_project/CPUproject/projet_CPU/Projet_2019/project_2019/project_2019.srcs/constrs_1/imports/my_lib/Nexys-4-DDR-Master.xdc:125]
CRITICAL WARNING: [Common 17-55] 'set_property' expects at least one object. [E:/xilinx_project/CPUproject/projet_CPU/Projet_2019/project_2019/project_2019.srcs/constrs_1/imports/my_lib/Nexys-4-DDR-Master.xdc:125]
Resolution: If [get_<value>] was used to populate the object, check to make sure this command returns at least one valid object.
WARNING: [Vivado 12-584] No ports matched 'JC[9]'. [E:/xilinx_project/CPUproject/projet_CPU/Projet_2019/project_2019/project_2019.srcs/constrs_1/imports/my_lib/Nexys-4-DDR-Master.xdc:126]
CRITICAL WARNING: [Common 17-55] 'set_property' expects at least one object. [E:/xilinx_project/CPUproject/projet_CPU/Projet_2019/project_2019/project_2019.srcs/constrs_1/imports/my_lib/Nexys-4-DDR-Master.xdc:126]
Resolution: If [get_<value>] was used to populate the object, check to make sure this command returns at least one valid object.
WARNING: [Vivado 12-584] No ports matched 'JC[10]'. [E:/xilinx_project/CPUproject/projet_CPU/Projet_2019/project_2019/project_2019.srcs/constrs_1/imports/my_lib/Nexys-4-DDR-Master.xdc:127]
CRITICAL WARNING: [Common 17-55] 'set_property' expects at least one object. [E:/xilinx_project/CPUproject/projet_CPU/Projet_2019/project_2019/project_2019.srcs/constrs_1/imports/my_lib/Nexys-4-DDR-Master.xdc:127]
Resolution: If [get_<value>] was used to populate the object, check to make sure this command returns at least one valid object.
WARNING: [Vivado 12-584] No ports matched 'JD[1]'. [E:/xilinx_project/CPUproject/projet_CPU/Projet_2019/project_2019/project_2019.srcs/constrs_1/imports/my_lib/Nexys-4-DDR-Master.xdc:132]
CRITICAL WARNING: [Common 17-55] 'set_property' expects at least one object. [E:/xilinx_project/CPUproject/projet_CPU/Projet_2019/project_2019/project_2019.srcs/constrs_1/imports/my_lib/Nexys-4-DDR-Master.xdc:132]
Resolution: If [get_<value>] was used to populate the object, check to make sure this command returns at least one valid object.
WARNING: [Vivado 12-584] No ports matched 'JD[2]'. [E:/xilinx_project/CPUproject/projet_CPU/Projet_2019/project_2019/project_2019.srcs/constrs_1/imports/my_lib/Nexys-4-DDR-Master.xdc:133]
CRITICAL WARNING: [Common 17-55] 'set_property' expects at least one object. [E:/xilinx_project/CPUproject/projet_CPU/Projet_2019/project_2019/project_2019.srcs/constrs_1/imports/my_lib/Nexys-4-DDR-Master.xdc:133]
Resolution: If [get_<value>] was used to populate the object, check to make sure this command returns at least one valid object.
WARNING: [Vivado 12-584] No ports matched 'JD[3]'. [E:/xilinx_project/CPUproject/projet_CPU/Projet_2019/project_2019/project_2019.srcs/constrs_1/imports/my_lib/Nexys-4-DDR-Master.xdc:134]
CRITICAL WARNING: [Common 17-55] 'set_property' expects at least one object. [E:/xilinx_project/CPUproject/projet_CPU/Projet_2019/project_2019/project_2019.srcs/constrs_1/imports/my_lib/Nexys-4-DDR-Master.xdc:134]
Resolution: If [get_<value>] was used to populate the object, check to make sure this command returns at least one valid object.
WARNING: [Vivado 12-584] No ports matched 'JD[4]'. [E:/xilinx_project/CPUproject/projet_CPU/Projet_2019/project_2019/project_2019.srcs/constrs_1/imports/my_lib/Nexys-4-DDR-Master.xdc:135]
CRITICAL WARNING: [Common 17-55] 'set_property' expects at least one object. [E:/xilinx_project/CPUproject/projet_CPU/Projet_2019/project_2019/project_2019.srcs/constrs_1/imports/my_lib/Nexys-4-DDR-Master.xdc:135]
Resolution: If [get_<value>] was used to populate the object, check to make sure this command returns at least one valid object.
WARNING: [Vivado 12-584] No ports matched 'JD[7]'. [E:/xilinx_project/CPUproject/projet_CPU/Projet_2019/project_2019/project_2019.srcs/constrs_1/imports/my_lib/Nexys-4-DDR-Master.xdc:136]
CRITICAL WARNING: [Common 17-55] 'set_property' expects at least one object. [E:/xilinx_project/CPUproject/projet_CPU/Projet_2019/project_2019/project_2019.srcs/constrs_1/imports/my_lib/Nexys-4-DDR-Master.xdc:136]
Resolution: If [get_<value>] was used to populate the object, check to make sure this command returns at least one valid object.
WARNING: [Vivado 12-584] No ports matched 'JD[8]'. [E:/xilinx_project/CPUproject/projet_CPU/Projet_2019/project_2019/project_2019.srcs/constrs_1/imports/my_lib/Nexys-4-DDR-Master.xdc:137]
CRITICAL WARNING: [Common 17-55] 'set_property' expects at least one object. [E:/xilinx_project/CPUproject/projet_CPU/Projet_2019/project_2019/project_2019.srcs/constrs_1/imports/my_lib/Nexys-4-DDR-Master.xdc:137]
Resolution: If [get_<value>] was used to populate the object, check to make sure this command returns at least one valid object.
WARNING: [Vivado 12-584] No ports matched 'JD[9]'. [E:/xilinx_project/CPUproject/projet_CPU/Projet_2019/project_2019/project_2019.srcs/constrs_1/imports/my_lib/Nexys-4-DDR-Master.xdc:138]
CRITICAL WARNING: [Common 17-55] 'set_property' expects at least one object. [E:/xilinx_project/CPUproject/projet_CPU/Projet_2019/project_2019/project_2019.srcs/constrs_1/imports/my_lib/Nexys-4-DDR-Master.xdc:138]
Resolution: If [get_<value>] was used to populate the object, check to make sure this command returns at least one valid object.
WARNING: [Vivado 12-584] No ports matched 'JD[10]'. [E:/xilinx_project/CPUproject/projet_CPU/Projet_2019/project_2019/project_2019.srcs/constrs_1/imports/my_lib/Nexys-4-DDR-Master.xdc:139]
CRITICAL WARNING: [Common 17-55] 'set_property' expects at least one object. [E:/xilinx_project/CPUproject/projet_CPU/Projet_2019/project_2019/project_2019.srcs/constrs_1/imports/my_lib/Nexys-4-DDR-Master.xdc:139]
Resolution: If [get_<value>] was used to populate the object, check to make sure this command returns at least one valid object.
WARNING: [Vivado 12-584] No ports matched 'XA_N[1]'. [E:/xilinx_project/CPUproject/projet_CPU/Projet_2019/project_2019/project_2019.srcs/constrs_1/imports/my_lib/Nexys-4-DDR-Master.xdc:144]
CRITICAL WARNING: [Common 17-55] 'set_property' expects at least one object. [E:/xilinx_project/CPUproject/projet_CPU/Projet_2019/project_2019/project_2019.srcs/constrs_1/imports/my_lib/Nexys-4-DDR-Master.xdc:144]
Resolution: If [get_<value>] was used to populate the object, check to make sure this command returns at least one valid object.
WARNING: [Vivado 12-584] No ports matched 'XA_P[1]'. [E:/xilinx_project/CPUproject/projet_CPU/Projet_2019/project_2019/project_2019.srcs/constrs_1/imports/my_lib/Nexys-4-DDR-Master.xdc:145]
CRITICAL WARNING: [Common 17-55] 'set_property' expects at least one object. [E:/xilinx_project/CPUproject/projet_CPU/Projet_2019/project_2019/project_2019.srcs/constrs_1/imports/my_lib/Nexys-4-DDR-Master.xdc:145]
Resolution: If [get_<value>] was used to populate the object, check to make sure this command returns at least one valid object.
WARNING: [Vivado 12-584] No ports matched 'XA_N[2]'. [E:/xilinx_project/CPUproject/projet_CPU/Projet_2019/project_2019/project_2019.srcs/constrs_1/imports/my_lib/Nexys-4-DDR-Master.xdc:146]
CRITICAL WARNING: [Common 17-55] 'set_property' expects at least one object. [E:/xilinx_project/CPUproject/projet_CPU/Projet_2019/project_2019/project_2019.srcs/constrs_1/imports/my_lib/Nexys-4-DDR-Master.xdc:146]
Resolution: If [get_<value>] was used to populate the object, check to make sure this command returns at least one valid object.
WARNING: [Vivado 12-584] No ports matched 'XA_P[2]'. [E:/xilinx_project/CPUproject/projet_CPU/Projet_2019/project_2019/project_2019.srcs/constrs_1/imports/my_lib/Nexys-4-DDR-Master.xdc:147]
CRITICAL WARNING: [Common 17-55] 'set_property' expects at least one object. [E:/xilinx_project/CPUproject/projet_CPU/Projet_2019/project_2019/project_2019.srcs/constrs_1/imports/my_lib/Nexys-4-DDR-Master.xdc:147]
Resolution: If [get_<value>] was used to populate the object, check to make sure this command returns at least one valid object.
WARNING: [Vivado 12-584] No ports matched 'XA_N[3]'. [E:/xilinx_project/CPUproject/projet_CPU/Projet_2019/project_2019/project_2019.srcs/constrs_1/imports/my_lib/Nexys-4-DDR-Master.xdc:148]
CRITICAL WARNING: [Common 17-55] 'set_property' expects at least one object. [E:/xilinx_project/CPUproject/projet_CPU/Projet_2019/project_2019/project_2019.srcs/constrs_1/imports/my_lib/Nexys-4-DDR-Master.xdc:148]
Resolution: If [get_<value>] was used to populate the object, check to make sure this command returns at least one valid object.
WARNING: [Vivado 12-584] No ports matched 'XA_P[3]'. [E:/xilinx_project/CPUproject/projet_CPU/Projet_2019/project_2019/project_2019.srcs/constrs_1/imports/my_lib/Nexys-4-DDR-Master.xdc:149]
INFO: [Common 17-14] Message 'Vivado 12-584' appears 100 times and further instances of the messages will be disabled. Use the Tcl command set_msg_config to change the current settings. [E:/xilinx_project/CPUproject/projet_CPU/Projet_2019/project_2019/project_2019.srcs/constrs_1/imports/my_lib/Nexys-4-DDR-Master.xdc:149]
CRITICAL WARNING: [Common 17-55] 'set_property' expects at least one object. [E:/xilinx_project/CPUproject/projet_CPU/Projet_2019/project_2019/project_2019.srcs/constrs_1/imports/my_lib/Nexys-4-DDR-Master.xdc:149]
Resolution: If [get_<value>] was used to populate the object, check to make sure this command returns at least one valid object.
CRITICAL WARNING: [Common 17-55] 'set_property' expects at least one object. [E:/xilinx_project/CPUproject/projet_CPU/Projet_2019/project_2019/project_2019.srcs/constrs_1/imports/my_lib/Nexys-4-DDR-Master.xdc:150]
Resolution: If [get_<value>] was used to populate the object, check to make sure this command returns at least one valid object.
Finished Parsing XDC File [E:/xilinx_project/CPUproject/projet_CPU/Projet_2019/project_2019/project_2019.srcs/constrs_1/imports/my_lib/Nexys-4-DDR-Master.xdc]
Parsing XDC File [E:/xilinx_project/CPUproject/projet_CPU/Projet_2019/project_2019/project_2019.runs/synth_1/dont_touch.xdc]
Finished Parsing XDC File [E:/xilinx_project/CPUproject/projet_CPU/Projet_2019/project_2019/project_2019.runs/synth_1/dont_touch.xdc]
Completed Processing XDC Constraints

Netlist sorting complete. Time (s): cpu = 00:00:00 ; elapsed = 00:00:00 . Memory (MB): peak = 1128.535 ; gain = 0.000
INFO: [Project 1-111] Unisim Transformation Summary:
No Unisim elements were transformed.

Constraint Validation Runtime : Time (s): cpu = 00:00:00 ; elapsed = 00:00:00.003 . Memory (MB): peak = 1128.535 ; gain = 0.000
---------------------------------------------------------------------------------
Finished Constraint Validation : Time (s): cpu = 00:00:10 ; elapsed = 00:00:11 . Memory (MB): peak = 1128.535 ; gain = 355.266
---------------------------------------------------------------------------------
---------------------------------------------------------------------------------
Start Loading Part and Timing Information
---------------------------------------------------------------------------------
Loading part: xc7a100tcsg324-1
---------------------------------------------------------------------------------
Finished Loading Part and Timing Information : Time (s): cpu = 00:00:10 ; elapsed = 00:00:11 . Memory (MB): peak = 1128.535 ; gain = 355.266
---------------------------------------------------------------------------------
---------------------------------------------------------------------------------
Start Applying 'set_property' XDC Constraints
---------------------------------------------------------------------------------
Applied set_property DONT_TOUCH = true for test_cache_i. (constraint file  auto generated constraint, line ).
Applied set_property DONT_TOUCH = true for test_cache_i/Cache_bus_M_to_S_0. (constraint file  auto generated constraint, line ).
Applied set_property DONT_TOUCH = true for test_cache_i/Cache_bus_M_to_S_peer_0. (constraint file  auto generated constraint, line ).
---------------------------------------------------------------------------------
Finished applying 'set_property' XDC Constraints : Time (s): cpu = 00:00:10 ; elapsed = 00:00:11 . Memory (MB): peak = 1128.535 ; gain = 355.266
---------------------------------------------------------------------------------
INFO: [Synth 8-802] inferred FSM for state register 'curr_st_reg' in module 'Cache_bus_M_to_S'
---------------------------------------------------------------------------------------------------
                   State |                     New Encoding |                Previous Encoding 
---------------------------------------------------------------------------------------------------
                    idle |                               00 |                               00
          sending_addr_r |                               01 |                               10
          sending_addr_w |                               10 |                               01
            sending_data |                               11 |                               11
---------------------------------------------------------------------------------------------------
INFO: [Synth 8-3354] encoded FSM with state register 'curr_st_reg' using encoding 'sequential' in module 'Cache_bus_M_to_S'
---------------------------------------------------------------------------------
Finished RTL Optimization Phase 2 : Time (s): cpu = 00:00:10 ; elapsed = 00:00:11 . Memory (MB): peak = 1128.535 ; gain = 355.266
---------------------------------------------------------------------------------

Report RTL Partitions: 
+-+--------------+------------+----------+
| |RTL Partition |Replication |Instances |
+-+--------------+------------+----------+
+-+--------------+------------+----------+
---------------------------------------------------------------------------------
Start RTL Component Statistics 
---------------------------------------------------------------------------------
Detailed RTL Component Info : 
+---Registers : 
	               32 Bit    Registers := 5     
	                1 Bit    Registers := 4     
+---Muxes : 
	   4 Input     34 Bit        Muxes := 1     
	   4 Input      2 Bit        Muxes := 1     
	   2 Input      2 Bit        Muxes := 1     
	   4 Input      1 Bit        Muxes := 3     
	   2 Input      1 Bit        Muxes := 8     
---------------------------------------------------------------------------------
Finished RTL Component Statistics 
---------------------------------------------------------------------------------
---------------------------------------------------------------------------------
Start RTL Hierarchical Component Statistics 
---------------------------------------------------------------------------------
Hierarchical RTL Component report 
Module Cache_bus_M_to_S 
Detailed RTL Component Info : 
+---Registers : 
	               32 Bit    Registers := 2     
+---Muxes : 
	   4 Input     34 Bit        Muxes := 1     
	   4 Input      2 Bit        Muxes := 1     
	   2 Input      2 Bit        Muxes := 1     
	   4 Input      1 Bit        Muxes := 3     
Module Cache_bus_M_to_S_peer 
Detailed RTL Component Info : 
+---Registers : 
	               32 Bit    Registers := 3     
	                1 Bit    Registers := 4     
+---Muxes : 
	   2 Input      1 Bit        Muxes := 8     
---------------------------------------------------------------------------------
Finished RTL Hierarchical Component Statistics
---------------------------------------------------------------------------------
---------------------------------------------------------------------------------
Start Part Resource Summary
---------------------------------------------------------------------------------
Part Resources:
DSPs: 240 (col length:80)
BRAMs: 270 (col length: RAMB18 80 RAMB36 40)
---------------------------------------------------------------------------------
Finished Part Resource Summary
---------------------------------------------------------------------------------
---------------------------------------------------------------------------------
Start Cross Boundary and Area Optimization
---------------------------------------------------------------------------------
Warning: Parallel synthesis criteria is not met 
---------------------------------------------------------------------------------
Finished Cross Boundary and Area Optimization : Time (s): cpu = 00:00:11 ; elapsed = 00:00:12 . Memory (MB): peak = 1128.535 ; gain = 355.266
---------------------------------------------------------------------------------

Report RTL Partitions: 
+-+--------------+------------+----------+
| |RTL Partition |Replication |Instances |
+-+--------------+------------+----------+
+-+--------------+------------+----------+
---------------------------------------------------------------------------------
Start Applying XDC Timing Constraints
---------------------------------------------------------------------------------
---------------------------------------------------------------------------------
Finished Applying XDC Timing Constraints : Time (s): cpu = 00:00:18 ; elapsed = 00:00:19 . Memory (MB): peak = 1128.535 ; gain = 355.266
---------------------------------------------------------------------------------
---------------------------------------------------------------------------------
Start Timing Optimization
---------------------------------------------------------------------------------
---------------------------------------------------------------------------------
Finished Timing Optimization : Time (s): cpu = 00:00:18 ; elapsed = 00:00:19 . Memory (MB): peak = 1128.535 ; gain = 355.266
---------------------------------------------------------------------------------

Report RTL Partitions: 
+-+--------------+------------+----------+
| |RTL Partition |Replication |Instances |
+-+--------------+------------+----------+
+-+--------------+------------+----------+
---------------------------------------------------------------------------------
Start Technology Mapping
---------------------------------------------------------------------------------
---------------------------------------------------------------------------------
Finished Technology Mapping : Time (s): cpu = 00:00:18 ; elapsed = 00:00:19 . Memory (MB): peak = 1128.535 ; gain = 355.266
---------------------------------------------------------------------------------

Report RTL Partitions: 
+-+--------------+------------+----------+
| |RTL Partition |Replication |Instances |
+-+--------------+------------+----------+
+-+--------------+------------+----------+
---------------------------------------------------------------------------------
Start IO Insertion
---------------------------------------------------------------------------------
---------------------------------------------------------------------------------
Start Flattening Before IO Insertion
---------------------------------------------------------------------------------
---------------------------------------------------------------------------------
Finished Flattening Before IO Insertion
---------------------------------------------------------------------------------
---------------------------------------------------------------------------------
Start Final Netlist Cleanup
---------------------------------------------------------------------------------
---------------------------------------------------------------------------------
Finished Final Netlist Cleanup
---------------------------------------------------------------------------------
---------------------------------------------------------------------------------
Finished IO Insertion : Time (s): cpu = 00:00:20 ; elapsed = 00:00:21 . Memory (MB): peak = 1133.078 ; gain = 359.809
---------------------------------------------------------------------------------

Report Check Netlist: 
+------+------------------+-------+---------+-------+------------------+
|      |Item              |Errors |Warnings |Status |Description       |
+------+------------------+-------+---------+-------+------------------+
|1     |multi_driven_nets |      0|        0|Passed |Multi driven nets |
+------+------------------+-------+---------+-------+------------------+
---------------------------------------------------------------------------------
Start Renaming Generated Instances
---------------------------------------------------------------------------------
---------------------------------------------------------------------------------
Finished Renaming Generated Instances : Time (s): cpu = 00:00:20 ; elapsed = 00:00:21 . Memory (MB): peak = 1133.078 ; gain = 359.809
---------------------------------------------------------------------------------

Report RTL Partitions: 
+-+--------------+------------+----------+
| |RTL Partition |Replication |Instances |
+-+--------------+------------+----------+
+-+--------------+------------+----------+
---------------------------------------------------------------------------------
Start Rebuilding User Hierarchy
---------------------------------------------------------------------------------
---------------------------------------------------------------------------------
Finished Rebuilding User Hierarchy : Time (s): cpu = 00:00:20 ; elapsed = 00:00:21 . Memory (MB): peak = 1133.078 ; gain = 359.809
---------------------------------------------------------------------------------
---------------------------------------------------------------------------------
Start Renaming Generated Ports
---------------------------------------------------------------------------------
---------------------------------------------------------------------------------
Finished Renaming Generated Ports : Time (s): cpu = 00:00:20 ; elapsed = 00:00:21 . Memory (MB): peak = 1133.078 ; gain = 359.809
---------------------------------------------------------------------------------
---------------------------------------------------------------------------------
Start Handling Custom Attributes
---------------------------------------------------------------------------------
---------------------------------------------------------------------------------
Finished Handling Custom Attributes : Time (s): cpu = 00:00:20 ; elapsed = 00:00:21 . Memory (MB): peak = 1133.078 ; gain = 359.809
---------------------------------------------------------------------------------
---------------------------------------------------------------------------------
Start Renaming Generated Nets
---------------------------------------------------------------------------------
---------------------------------------------------------------------------------
Finished Renaming Generated Nets : Time (s): cpu = 00:00:20 ; elapsed = 00:00:21 . Memory (MB): peak = 1133.078 ; gain = 359.809
---------------------------------------------------------------------------------
---------------------------------------------------------------------------------
Start Writing Synthesis Report
---------------------------------------------------------------------------------

Report BlackBoxes: 
+-+--------------+----------+
| |BlackBox name |Instances |
+-+--------------+----------+
+-+--------------+----------+

Report Cell Usage: 
+------+-----+------+
|      |Cell |Count |
+------+-----+------+
|1     |BUFG |     1|
|2     |LUT1 |     3|
|3     |LUT2 |     4|
|4     |LUT3 |     7|
|5     |LUT4 |    33|
|6     |FDCE |     4|
|7     |FDRE |   161|
|8     |FDSE |     1|
|9     |IBUF |    69|
|10    |OBUF |   100|
+------+-----+------+

Report Instance Areas: 
+------+----------------------------+-------------------------------------+------+
|      |Instance                    |Module                               |Cells |
+------+----------------------------+-------------------------------------+------+
|1     |top                         |                                     |   383|
|2     |  test_cache_i              |test_cache                           |   213|
|3     |    Cache_bus_M_to_S_0      |test_cache_Cache_bus_M_to_S_0_0      |   105|
|4     |      U0                    |Cache_bus_M_to_S                     |   105|
|5     |    Cache_bus_M_to_S_peer_0 |test_cache_Cache_bus_M_to_S_peer_0_1 |   108|
|6     |      U0                    |Cache_bus_M_to_S_peer                |   108|
+------+----------------------------+-------------------------------------+------+
---------------------------------------------------------------------------------
Finished Writing Synthesis Report : Time (s): cpu = 00:00:20 ; elapsed = 00:00:21 . Memory (MB): peak = 1133.078 ; gain = 359.809
---------------------------------------------------------------------------------
Synthesis finished with 0 errors, 0 critical warnings and 0 warnings.
Synthesis Optimization Runtime : Time (s): cpu = 00:00:15 ; elapsed = 00:00:19 . Memory (MB): peak = 1133.078 ; gain = 246.895
Synthesis Optimization Complete : Time (s): cpu = 00:00:21 ; elapsed = 00:00:21 . Memory (MB): peak = 1133.078 ; gain = 359.809
INFO: [Project 1-571] Translating synthesized netlist
INFO: [Project 1-570] Preparing netlist for logic optimization
INFO: [Opt 31-138] Pushed 0 inverter(s) to 0 load pin(s).
Netlist sorting complete. Time (s): cpu = 00:00:00 ; elapsed = 00:00:00 . Memory (MB): peak = 1153.133 ; gain = 0.000
INFO: [Project 1-111] Unisim Transformation Summary:
No Unisim elements were transformed.

INFO: [Common 17-83] Releasing license: Synthesis
48 Infos, 108 Warnings, 101 Critical Warnings and 0 Errors encountered.
synth_design completed successfully
synth_design: Time (s): cpu = 00:00:26 ; elapsed = 00:00:27 . Memory (MB): peak = 1153.133 ; gain = 631.637
Netlist sorting complete. Time (s): cpu = 00:00:00 ; elapsed = 00:00:00 . Memory (MB): peak = 1153.133 ; gain = 0.000
WARNING: [Constraints 18-5210] No constraints selected for write.
Resolution: This message can indicate that there are no constraints for the design, or it can indicate that the used_in flags are set such that the constraints are ignored. This later case is used when running synth_design to not write synthesis constraints to the resulting checkpoint. Instead, project constraints are read when the synthesized design is opened.
INFO: [Common 17-1381] The checkpoint 'E:/xilinx_project/CPUproject/projet_CPU/Projet_2019/project_2019/project_2019.runs/synth_1/test_cache_wrapper.dcp' has been generated.
INFO: [runtcl-4] Executing : report_utilization -file test_cache_wrapper_utilization_synth.rpt -pb test_cache_wrapper_utilization_synth.pb
INFO: [Common 17-206] Exiting Vivado at Tue Aug  6 11:27:08 2019...
