#-----------------------------------------------------------
# Vivado v2017.4 (64-bit)
# SW Build 2086221 on Fri Dec 15 20:55:39 MST 2017
# IP Build 2085800 on Fri Dec 15 22:25:07 MST 2017
# Start of session at: Thu Nov 29 08:34:22 2018
# Process ID: 8980
# Current directory: c:/xilinx_project/git_project/projet_CPU/projet_CPU/memory_ip/mig_7series_0_ex
# Command line: vivado.exe -notrace -source c:/xilinx_project/git_project/projet_CPU/projet_CPU/test_project/project_base_2017/project_base_2017.srcs/sources_1/ip/mig_7series_0/mig_7series_0_ex.tcl
# Log file: c:/xilinx_project/git_project/projet_CPU/projet_CPU/memory_ip/mig_7series_0_ex/vivado.log
# Journal file: c:/xilinx_project/git_project/projet_CPU/projet_CPU/memory_ip/mig_7series_0_ex\vivado.jou
#-----------------------------------------------------------
start_gui
source c:/xilinx_project/git_project/projet_CPU/projet_CPU/test_project/project_base_2017/project_base_2017.srcs/sources_1/ip/mig_7series_0/mig_7series_0_ex.tcl -notrace
INFO: [open_example_project] Creating new example project...
INFO: [IP_Flow 19-234] Refreshing IP repositories
INFO: [IP_Flow 19-1704] No user IP repositories specified
INFO: [IP_Flow 19-2313] Loaded Vivado IP repository 'C:/Xilinx/Vivado/2017.4/data/ip'.
create_project: Time (s): cpu = 00:00:17 ; elapsed = 00:00:08 . Memory (MB): peak = 834.566 ; gain = 141.254
INFO: [open_example_project] Importing original IP ...
WARNING: [IP_Flow 19-3664] IP 'mig_7series_0' generated file not found 'c:/Users/Qlala/AppData/Roaming/Xilinx/Vivado/.Xil/Vivado-16836-Qlala-Blade/coregen/mig_7series_0/mig_7series_0.vho'. Please regenerate to continue.
WARNING: [IP_Flow 19-3664] IP 'mig_7series_0' generated file not found 'c:/Users/Qlala/AppData/Roaming/Xilinx/Vivado/.Xil/Vivado-16836-Qlala-Blade/coregen/mig_7series_0/mig_7series_0/user_design/rtl/clocking/mig_7series_v4_0_clk_ibuf.v'. Please regenerate to continue.
WARNING: [IP_Flow 19-3664] IP 'mig_7series_0' generated file not found 'c:/Users/Qlala/AppData/Roaming/Xilinx/Vivado/.Xil/Vivado-16836-Qlala-Blade/coregen/mig_7series_0/mig_7series_0/user_design/rtl/clocking/mig_7series_v4_0_infrastructure.v'. Please regenerate to continue.
WARNING: [IP_Flow 19-3664] IP 'mig_7series_0' generated file not found 'c:/Users/Qlala/AppData/Roaming/Xilinx/Vivado/.Xil/Vivado-16836-Qlala-Blade/coregen/mig_7series_0/mig_7series_0/user_design/rtl/clocking/mig_7series_v4_0_iodelay_ctrl.v'. Please regenerate to continue.
WARNING: [IP_Flow 19-3664] IP 'mig_7series_0' generated file not found 'c:/Users/Qlala/AppData/Roaming/Xilinx/Vivado/.Xil/Vivado-16836-Qlala-Blade/coregen/mig_7series_0/mig_7series_0/user_design/rtl/clocking/mig_7series_v4_0_tempmon.v'. Please regenerate to continue.
WARNING: [IP_Flow 19-3664] IP 'mig_7series_0' generated file not found 'c:/Users/Qlala/AppData/Roaming/Xilinx/Vivado/.Xil/Vivado-16836-Qlala-Blade/coregen/mig_7series_0/mig_7series_0/user_design/rtl/controller/mig_7series_v4_0_arb_mux.v'. Please regenerate to continue.
WARNING: [IP_Flow 19-3664] IP 'mig_7series_0' generated file not found 'c:/Users/Qlala/AppData/Roaming/Xilinx/Vivado/.Xil/Vivado-16836-Qlala-Blade/coregen/mig_7series_0/mig_7series_0/user_design/rtl/controller/mig_7series_v4_0_arb_row_col.v'. Please regenerate to continue.
WARNING: [IP_Flow 19-3664] IP 'mig_7series_0' generated file not found 'c:/Users/Qlala/AppData/Roaming/Xilinx/Vivado/.Xil/Vivado-16836-Qlala-Blade/coregen/mig_7series_0/mig_7series_0/user_design/rtl/controller/mig_7series_v4_0_arb_select.v'. Please regenerate to continue.
WARNING: [IP_Flow 19-3664] IP 'mig_7series_0' generated file not found 'c:/Users/Qlala/AppData/Roaming/Xilinx/Vivado/.Xil/Vivado-16836-Qlala-Blade/coregen/mig_7series_0/mig_7series_0/user_design/rtl/controller/mig_7series_v4_0_bank_cntrl.v'. Please regenerate to continue.
WARNING: [IP_Flow 19-3664] IP 'mig_7series_0' generated file not found 'c:/Users/Qlala/AppData/Roaming/Xilinx/Vivado/.Xil/Vivado-16836-Qlala-Blade/coregen/mig_7series_0/mig_7series_0/user_design/rtl/controller/mig_7series_v4_0_bank_common.v'. Please regenerate to continue.
WARNING: [IP_Flow 19-3664] IP 'mig_7series_0' generated file not found 'c:/Users/Qlala/AppData/Roaming/Xilinx/Vivado/.Xil/Vivado-16836-Qlala-Blade/coregen/mig_7series_0/mig_7series_0/user_design/rtl/controller/mig_7series_v4_0_bank_compare.v'. Please regenerate to continue.
WARNING: [IP_Flow 19-3664] IP 'mig_7series_0' generated file not found 'c:/Users/Qlala/AppData/Roaming/Xilinx/Vivado/.Xil/Vivado-16836-Qlala-Blade/coregen/mig_7series_0/mig_7series_0/user_design/rtl/controller/mig_7series_v4_0_bank_mach.v'. Please regenerate to continue.
WARNING: [IP_Flow 19-3664] IP 'mig_7series_0' generated file not found 'c:/Users/Qlala/AppData/Roaming/Xilinx/Vivado/.Xil/Vivado-16836-Qlala-Blade/coregen/mig_7series_0/mig_7series_0/user_design/rtl/controller/mig_7series_v4_0_bank_queue.v'. Please regenerate to continue.
WARNING: [IP_Flow 19-3664] IP 'mig_7series_0' generated file not found 'c:/Users/Qlala/AppData/Roaming/Xilinx/Vivado/.Xil/Vivado-16836-Qlala-Blade/coregen/mig_7series_0/mig_7series_0/user_design/rtl/controller/mig_7series_v4_0_bank_state.v'. Please regenerate to continue.
WARNING: [IP_Flow 19-3664] IP 'mig_7series_0' generated file not found 'c:/Users/Qlala/AppData/Roaming/Xilinx/Vivado/.Xil/Vivado-16836-Qlala-Blade/coregen/mig_7series_0/mig_7series_0/user_design/rtl/controller/mig_7series_v4_0_col_mach.v'. Please regenerate to continue.
WARNING: [IP_Flow 19-3664] IP 'mig_7series_0' generated file not found 'c:/Users/Qlala/AppData/Roaming/Xilinx/Vivado/.Xil/Vivado-16836-Qlala-Blade/coregen/mig_7series_0/mig_7series_0/user_design/rtl/controller/mig_7series_v4_0_mc.v'. Please regenerate to continue.
WARNING: [IP_Flow 19-3664] IP 'mig_7series_0' generated file not found 'c:/Users/Qlala/AppData/Roaming/Xilinx/Vivado/.Xil/Vivado-16836-Qlala-Blade/coregen/mig_7series_0/mig_7series_0/user_design/rtl/controller/mig_7series_v4_0_rank_cntrl.v'. Please regenerate to continue.
WARNING: [IP_Flow 19-3664] IP 'mig_7series_0' generated file not found 'c:/Users/Qlala/AppData/Roaming/Xilinx/Vivado/.Xil/Vivado-16836-Qlala-Blade/coregen/mig_7series_0/mig_7series_0/user_design/rtl/controller/mig_7series_v4_0_rank_common.v'. Please regenerate to continue.
WARNING: [IP_Flow 19-3664] IP 'mig_7series_0' generated file not found 'c:/Users/Qlala/AppData/Roaming/Xilinx/Vivado/.Xil/Vivado-16836-Qlala-Blade/coregen/mig_7series_0/mig_7series_0/user_design/rtl/controller/mig_7series_v4_0_rank_mach.v'. Please regenerate to continue.
WARNING: [IP_Flow 19-3664] IP 'mig_7series_0' generated file not found 'c:/Users/Qlala/AppData/Roaming/Xilinx/Vivado/.Xil/Vivado-16836-Qlala-Blade/coregen/mig_7series_0/mig_7series_0/user_design/rtl/controller/mig_7series_v4_0_round_robin_arb.v'. Please regenerate to continue.
WARNING: [IP_Flow 19-3664] IP 'mig_7series_0' generated file not found 'c:/Users/Qlala/AppData/Roaming/Xilinx/Vivado/.Xil/Vivado-16836-Qlala-Blade/coregen/mig_7series_0/mig_7series_0/user_design/rtl/ecc/mig_7series_v4_0_ecc_buf.v'. Please regenerate to continue.
WARNING: [IP_Flow 19-3664] IP 'mig_7series_0' generated file not found 'c:/Users/Qlala/AppData/Roaming/Xilinx/Vivado/.Xil/Vivado-16836-Qlala-Blade/coregen/mig_7series_0/mig_7series_0/user_design/rtl/ecc/mig_7series_v4_0_ecc_dec_fix.v'. Please regenerate to continue.
WARNING: [IP_Flow 19-3664] IP 'mig_7series_0' generated file not found 'c:/Users/Qlala/AppData/Roaming/Xilinx/Vivado/.Xil/Vivado-16836-Qlala-Blade/coregen/mig_7series_0/mig_7series_0/user_design/rtl/ecc/mig_7series_v4_0_ecc_gen.v'. Please regenerate to continue.
WARNING: [IP_Flow 19-3664] IP 'mig_7series_0' generated file not found 'c:/Users/Qlala/AppData/Roaming/Xilinx/Vivado/.Xil/Vivado-16836-Qlala-Blade/coregen/mig_7series_0/mig_7series_0/user_design/rtl/ecc/mig_7series_v4_0_ecc_merge_enc.v'. Please regenerate to continue.
WARNING: [IP_Flow 19-3664] IP 'mig_7series_0' generated file not found 'c:/Users/Qlala/AppData/Roaming/Xilinx/Vivado/.Xil/Vivado-16836-Qlala-Blade/coregen/mig_7series_0/mig_7series_0/user_design/rtl/ecc/mig_7series_v4_0_fi_xor.v'. Please regenerate to continue.
WARNING: [IP_Flow 19-3664] IP 'mig_7series_0' generated file not found 'c:/Users/Qlala/AppData/Roaming/Xilinx/Vivado/.Xil/Vivado-16836-Qlala-Blade/coregen/mig_7series_0/mig_7series_0/user_design/rtl/ip_top/mig_7series_v4_0_memc_ui_top_std.v'. Please regenerate to continue.
WARNING: [IP_Flow 19-3664] IP 'mig_7series_0' generated file not found 'c:/Users/Qlala/AppData/Roaming/Xilinx/Vivado/.Xil/Vivado-16836-Qlala-Blade/coregen/mig_7series_0/mig_7series_0/user_design/rtl/ip_top/mig_7series_v4_0_mem_intfc.v'. Please regenerate to continue.
WARNING: [IP_Flow 19-3664] IP 'mig_7series_0' generated file not found 'c:/Users/Qlala/AppData/Roaming/Xilinx/Vivado/.Xil/Vivado-16836-Qlala-Blade/coregen/mig_7series_0/mig_7series_0/user_design/rtl/phy/mig_7series_v4_0_ddr_byte_group_io.v'. Please regenerate to continue.
WARNING: [IP_Flow 19-3664] IP 'mig_7series_0' generated file not found 'c:/Users/Qlala/AppData/Roaming/Xilinx/Vivado/.Xil/Vivado-16836-Qlala-Blade/coregen/mig_7series_0/mig_7series_0/user_design/rtl/phy/mig_7series_v4_0_ddr_byte_lane.v'. Please regenerate to continue.
WARNING: [IP_Flow 19-3664] IP 'mig_7series_0' generated file not found 'c:/Users/Qlala/AppData/Roaming/Xilinx/Vivado/.Xil/Vivado-16836-Qlala-Blade/coregen/mig_7series_0/mig_7series_0/user_design/rtl/phy/mig_7series_v4_0_ddr_calib_top.v'. Please regenerate to continue.
WARNING: [IP_Flow 19-3664] IP 'mig_7series_0' generated file not found 'c:/Users/Qlala/AppData/Roaming/Xilinx/Vivado/.Xil/Vivado-16836-Qlala-Blade/coregen/mig_7series_0/mig_7series_0/user_design/rtl/phy/mig_7series_v4_0_ddr_if_post_fifo.v'. Please regenerate to continue.
WARNING: [IP_Flow 19-3664] IP 'mig_7series_0' generated file not found 'c:/Users/Qlala/AppData/Roaming/Xilinx/Vivado/.Xil/Vivado-16836-Qlala-Blade/coregen/mig_7series_0/mig_7series_0/user_design/rtl/phy/mig_7series_v4_0_ddr_mc_phy.v'. Please regenerate to continue.
WARNING: [IP_Flow 19-3664] IP 'mig_7series_0' generated file not found 'c:/Users/Qlala/AppData/Roaming/Xilinx/Vivado/.Xil/Vivado-16836-Qlala-Blade/coregen/mig_7series_0/mig_7series_0/user_design/rtl/phy/mig_7series_v4_0_ddr_mc_phy_wrapper.v'. Please regenerate to continue.
WARNING: [IP_Flow 19-3664] IP 'mig_7series_0' generated file not found 'c:/Users/Qlala/AppData/Roaming/Xilinx/Vivado/.Xil/Vivado-16836-Qlala-Blade/coregen/mig_7series_0/mig_7series_0/user_design/rtl/phy/mig_7series_v4_0_ddr_of_pre_fifo.v'. Please regenerate to continue.
WARNING: [IP_Flow 19-3664] IP 'mig_7series_0' generated file not found 'c:/Users/Qlala/AppData/Roaming/Xilinx/Vivado/.Xil/Vivado-16836-Qlala-Blade/coregen/mig_7series_0/mig_7series_0/user_design/rtl/phy/mig_7series_v4_0_ddr_phy_4lanes.v'. Please regenerate to continue.
WARNING: [IP_Flow 19-3664] IP 'mig_7series_0' generated file not found 'c:/Users/Qlala/AppData/Roaming/Xilinx/Vivado/.Xil/Vivado-16836-Qlala-Blade/coregen/mig_7series_0/mig_7series_0/user_design/rtl/phy/mig_7series_v4_0_ddr_phy_ck_addr_cmd_delay.v'. Please regenerate to continue.
WARNING: [IP_Flow 19-3664] IP 'mig_7series_0' generated file not found 'c:/Users/Qlala/AppData/Roaming/Xilinx/Vivado/.Xil/Vivado-16836-Qlala-Blade/coregen/mig_7series_0/mig_7series_0/user_design/rtl/phy/mig_7series_v4_0_ddr_phy_dqs_found_cal.v'. Please regenerate to continue.
WARNING: [IP_Flow 19-3664] IP 'mig_7series_0' generated file not found 'c:/Users/Qlala/AppData/Roaming/Xilinx/Vivado/.Xil/Vivado-16836-Qlala-Blade/coregen/mig_7series_0/mig_7series_0/user_design/rtl/phy/mig_7series_v4_0_ddr_phy_dqs_found_cal_hr.v'. Please regenerate to continue.
WARNING: [IP_Flow 19-3664] IP 'mig_7series_0' generated file not found 'c:/Users/Qlala/AppData/Roaming/Xilinx/Vivado/.Xil/Vivado-16836-Qlala-Blade/coregen/mig_7series_0/mig_7series_0/user_design/rtl/phy/mig_7series_v4_0_ddr_phy_init.v'. Please regenerate to continue.
WARNING: [IP_Flow 19-3664] IP 'mig_7series_0' generated file not found 'c:/Users/Qlala/AppData/Roaming/Xilinx/Vivado/.Xil/Vivado-16836-Qlala-Blade/coregen/mig_7series_0/mig_7series_0/user_design/rtl/phy/mig_7series_v4_0_ddr_phy_ocd_cntlr.v'. Please regenerate to continue.
WARNING: [IP_Flow 19-3664] IP 'mig_7series_0' generated file not found 'c:/Users/Qlala/AppData/Roaming/Xilinx/Vivado/.Xil/Vivado-16836-Qlala-Blade/coregen/mig_7series_0/mig_7series_0/user_design/rtl/phy/mig_7series_v4_0_ddr_phy_ocd_data.v'. Please regenerate to continue.
WARNING: [IP_Flow 19-3664] IP 'mig_7series_0' generated file not found 'c:/Users/Qlala/AppData/Roaming/Xilinx/Vivado/.Xil/Vivado-16836-Qlala-Blade/coregen/mig_7series_0/mig_7series_0/user_design/rtl/phy/mig_7series_v4_0_ddr_phy_ocd_edge.v'. Please regenerate to continue.
WARNING: [IP_Flow 19-3664] IP 'mig_7series_0' generated file not found 'c:/Users/Qlala/AppData/Roaming/Xilinx/Vivado/.Xil/Vivado-16836-Qlala-Blade/coregen/mig_7series_0/mig_7series_0/user_design/rtl/phy/mig_7series_v4_0_ddr_phy_ocd_lim.v'. Please regenerate to continue.
WARNING: [IP_Flow 19-3664] IP 'mig_7series_0' generated file not found 'c:/Users/Qlala/AppData/Roaming/Xilinx/Vivado/.Xil/Vivado-16836-Qlala-Blade/coregen/mig_7series_0/mig_7series_0/user_design/rtl/phy/mig_7series_v4_0_ddr_phy_ocd_mux.v'. Please regenerate to continue.
WARNING: [IP_Flow 19-3664] IP 'mig_7series_0' generated file not found 'c:/Users/Qlala/AppData/Roaming/Xilinx/Vivado/.Xil/Vivado-16836-Qlala-Blade/coregen/mig_7series_0/mig_7series_0/user_design/rtl/phy/mig_7series_v4_0_ddr_phy_ocd_po_cntlr.v'. Please regenerate to continue.
WARNING: [IP_Flow 19-3664] IP 'mig_7series_0' generated file not found 'c:/Users/Qlala/AppData/Roaming/Xilinx/Vivado/.Xil/Vivado-16836-Qlala-Blade/coregen/mig_7series_0/mig_7series_0/user_design/rtl/phy/mig_7series_v4_0_ddr_phy_ocd_samp.v'. Please regenerate to continue.
WARNING: [IP_Flow 19-3664] IP 'mig_7series_0' generated file not found 'c:/Users/Qlala/AppData/Roaming/Xilinx/Vivado/.Xil/Vivado-16836-Qlala-Blade/coregen/mig_7series_0/mig_7series_0/user_design/rtl/phy/mig_7series_v4_0_ddr_phy_oclkdelay_cal.v'. Please regenerate to continue.
WARNING: [IP_Flow 19-3664] IP 'mig_7series_0' generated file not found 'c:/Users/Qlala/AppData/Roaming/Xilinx/Vivado/.Xil/Vivado-16836-Qlala-Blade/coregen/mig_7series_0/mig_7series_0/user_design/rtl/phy/mig_7series_v4_0_ddr_phy_prbs_rdlvl.v'. Please regenerate to continue.
WARNING: [IP_Flow 19-3664] IP 'mig_7series_0' generated file not found 'c:/Users/Qlala/AppData/Roaming/Xilinx/Vivado/.Xil/Vivado-16836-Qlala-Blade/coregen/mig_7series_0/mig_7series_0/user_design/rtl/phy/mig_7series_v4_0_ddr_phy_rdlvl.v'. Please regenerate to continue.
WARNING: [IP_Flow 19-3664] IP 'mig_7series_0' generated file not found 'c:/Users/Qlala/AppData/Roaming/Xilinx/Vivado/.Xil/Vivado-16836-Qlala-Blade/coregen/mig_7series_0/mig_7series_0/user_design/rtl/phy/mig_7series_v4_0_ddr_phy_tempmon.v'. Please regenerate to continue.
WARNING: [IP_Flow 19-3664] IP 'mig_7series_0' generated file not found 'c:/Users/Qlala/AppData/Roaming/Xilinx/Vivado/.Xil/Vivado-16836-Qlala-Blade/coregen/mig_7series_0/mig_7series_0/user_design/rtl/phy/mig_7series_v4_0_ddr_phy_wrcal.v'. Please regenerate to continue.
WARNING: [IP_Flow 19-3664] IP 'mig_7series_0' generated file not found 'c:/Users/Qlala/AppData/Roaming/Xilinx/Vivado/.Xil/Vivado-16836-Qlala-Blade/coregen/mig_7series_0/mig_7series_0/user_design/rtl/phy/mig_7series_v4_0_ddr_phy_wrlvl.v'. Please regenerate to continue.
WARNING: [IP_Flow 19-3664] IP 'mig_7series_0' generated file not found 'c:/Users/Qlala/AppData/Roaming/Xilinx/Vivado/.Xil/Vivado-16836-Qlala-Blade/coregen/mig_7series_0/mig_7series_0/user_design/rtl/phy/mig_7series_v4_0_ddr_phy_wrlvl_off_delay.v'. Please regenerate to continue.
WARNING: [IP_Flow 19-3664] IP 'mig_7series_0' generated file not found 'c:/Users/Qlala/AppData/Roaming/Xilinx/Vivado/.Xil/Vivado-16836-Qlala-Blade/coregen/mig_7series_0/mig_7series_0/user_design/rtl/phy/mig_7series_v4_0_ddr_prbs_gen.v'. Please regenerate to continue.
WARNING: [IP_Flow 19-3664] IP 'mig_7series_0' generated file not found 'c:/Users/Qlala/AppData/Roaming/Xilinx/Vivado/.Xil/Vivado-16836-Qlala-Blade/coregen/mig_7series_0/mig_7series_0/user_design/rtl/phy/mig_7series_v4_0_poc_cc.v'. Please regenerate to continue.
WARNING: [IP_Flow 19-3664] IP 'mig_7series_0' generated file not found 'c:/Users/Qlala/AppData/Roaming/Xilinx/Vivado/.Xil/Vivado-16836-Qlala-Blade/coregen/mig_7series_0/mig_7series_0/user_design/rtl/phy/mig_7series_v4_0_poc_edge_store.v'. Please regenerate to continue.
WARNING: [IP_Flow 19-3664] IP 'mig_7series_0' generated file not found 'c:/Users/Qlala/AppData/Roaming/Xilinx/Vivado/.Xil/Vivado-16836-Qlala-Blade/coregen/mig_7series_0/mig_7series_0/user_design/rtl/phy/mig_7series_v4_0_poc_meta.v'. Please regenerate to continue.
WARNING: [IP_Flow 19-3664] IP 'mig_7series_0' generated file not found 'c:/Users/Qlala/AppData/Roaming/Xilinx/Vivado/.Xil/Vivado-16836-Qlala-Blade/coregen/mig_7series_0/mig_7series_0/user_design/rtl/phy/mig_7series_v4_0_poc_pd.v'. Please regenerate to continue.
WARNING: [IP_Flow 19-3664] IP 'mig_7series_0' generated file not found 'c:/Users/Qlala/AppData/Roaming/Xilinx/Vivado/.Xil/Vivado-16836-Qlala-Blade/coregen/mig_7series_0/mig_7series_0/user_design/rtl/phy/mig_7series_v4_0_poc_tap_base.v'. Please regenerate to continue.
WARNING: [IP_Flow 19-3664] IP 'mig_7series_0' generated file not found 'c:/Users/Qlala/AppData/Roaming/Xilinx/Vivado/.Xil/Vivado-16836-Qlala-Blade/coregen/mig_7series_0/mig_7series_0/user_design/rtl/phy/mig_7series_v4_0_poc_top.v'. Please regenerate to continue.
WARNING: [IP_Flow 19-3664] IP 'mig_7series_0' generated file not found 'c:/Users/Qlala/AppData/Roaming/Xilinx/Vivado/.Xil/Vivado-16836-Qlala-Blade/coregen/mig_7series_0/mig_7series_0/user_design/rtl/ui/mig_7series_v4_0_ui_cmd.v'. Please regenerate to continue.
WARNING: [IP_Flow 19-3664] IP 'mig_7series_0' generated file not found 'c:/Users/Qlala/AppData/Roaming/Xilinx/Vivado/.Xil/Vivado-16836-Qlala-Blade/coregen/mig_7series_0/mig_7series_0/user_design/rtl/ui/mig_7series_v4_0_ui_rd_data.v'. Please regenerate to continue.
WARNING: [IP_Flow 19-3664] IP 'mig_7series_0' generated file not found 'c:/Users/Qlala/AppData/Roaming/Xilinx/Vivado/.Xil/Vivado-16836-Qlala-Blade/coregen/mig_7series_0/mig_7series_0/user_design/rtl/ui/mig_7series_v4_0_ui_top.v'. Please regenerate to continue.
WARNING: [IP_Flow 19-3664] IP 'mig_7series_0' generated file not found 'c:/Users/Qlala/AppData/Roaming/Xilinx/Vivado/.Xil/Vivado-16836-Qlala-Blade/coregen/mig_7series_0/mig_7series_0/user_design/rtl/ui/mig_7series_v4_0_ui_wr_data.v'. Please regenerate to continue.
WARNING: [IP_Flow 19-3664] IP 'mig_7series_0' generated file not found 'c:/Users/Qlala/AppData/Roaming/Xilinx/Vivado/.Xil/Vivado-16836-Qlala-Blade/coregen/mig_7series_0/mig_7series_0/user_design/rtl/phy/mig_7series_v4_0_ddr_phy_top.vhd'. Please regenerate to continue.
WARNING: [IP_Flow 19-3664] IP 'mig_7series_0' generated file not found 'c:/Users/Qlala/AppData/Roaming/Xilinx/Vivado/.Xil/Vivado-16836-Qlala-Blade/coregen/mig_7series_0/mig_7series_0/user_design/constraints/mig_7series_0.xdc'. Please regenerate to continue.
WARNING: [IP_Flow 19-3664] IP 'mig_7series_0' generated file not found 'c:/Users/Qlala/AppData/Roaming/Xilinx/Vivado/.Xil/Vivado-16836-Qlala-Blade/coregen/mig_7series_0/mig_7series_0/user_design/constraints/mig_7series_0_ooc.xdc'. Please regenerate to continue.
WARNING: [IP_Flow 19-3664] IP 'mig_7series_0' generated file not found 'c:/Users/Qlala/AppData/Roaming/Xilinx/Vivado/.Xil/Vivado-16836-Qlala-Blade/coregen/mig_7series_0/mig_7series_0/user_design/rtl/mig_7series_0.vhd'. Please regenerate to continue.
WARNING: [IP_Flow 19-3664] IP 'mig_7series_0' generated file not found 'c:/Users/Qlala/AppData/Roaming/Xilinx/Vivado/.Xil/Vivado-16836-Qlala-Blade/coregen/mig_7series_0/mig_7series_0/user_design/rtl/mig_7series_0_mig.vhd'. Please regenerate to continue.
WARNING: [IP_Flow 19-3664] IP 'mig_7series_0' generated file not found 'c:/Users/Qlala/AppData/Roaming/Xilinx/Vivado/.Xil/Vivado-16836-Qlala-Blade/coregen/mig_7series_0/mig_7series_0/user_design/rtl/clocking/mig_7series_v4_0_clk_ibuf.v'. Please regenerate to continue.
WARNING: [IP_Flow 19-3664] IP 'mig_7series_0' generated file not found 'c:/Users/Qlala/AppData/Roaming/Xilinx/Vivado/.Xil/Vivado-16836-Qlala-Blade/coregen/mig_7series_0/mig_7series_0/user_design/rtl/clocking/mig_7series_v4_0_infrastructure.v'. Please regenerate to continue.
WARNING: [IP_Flow 19-3664] IP 'mig_7series_0' generated file not found 'c:/Users/Qlala/AppData/Roaming/Xilinx/Vivado/.Xil/Vivado-16836-Qlala-Blade/coregen/mig_7series_0/mig_7series_0/user_design/rtl/clocking/mig_7series_v4_0_iodelay_ctrl.v'. Please regenerate to continue.
WARNING: [IP_Flow 19-3664] IP 'mig_7series_0' generated file not found 'c:/Users/Qlala/AppData/Roaming/Xilinx/Vivado/.Xil/Vivado-16836-Qlala-Blade/coregen/mig_7series_0/mig_7series_0/user_design/rtl/clocking/mig_7series_v4_0_tempmon.v'. Please regenerate to continue.
WARNING: [IP_Flow 19-3664] IP 'mig_7series_0' generated file not found 'c:/Users/Qlala/AppData/Roaming/Xilinx/Vivado/.Xil/Vivado-16836-Qlala-Blade/coregen/mig_7series_0/mig_7series_0/user_design/rtl/controller/mig_7series_v4_0_arb_mux.v'. Please regenerate to continue.
WARNING: [IP_Flow 19-3664] IP 'mig_7series_0' generated file not found 'c:/Users/Qlala/AppData/Roaming/Xilinx/Vivado/.Xil/Vivado-16836-Qlala-Blade/coregen/mig_7series_0/mig_7series_0/user_design/rtl/controller/mig_7series_v4_0_arb_row_col.v'. Please regenerate to continue.
WARNING: [IP_Flow 19-3664] IP 'mig_7series_0' generated file not found 'c:/Users/Qlala/AppData/Roaming/Xilinx/Vivado/.Xil/Vivado-16836-Qlala-Blade/coregen/mig_7series_0/mig_7series_0/user_design/rtl/controller/mig_7series_v4_0_arb_select.v'. Please regenerate to continue.
WARNING: [IP_Flow 19-3664] IP 'mig_7series_0' generated file not found 'c:/Users/Qlala/AppData/Roaming/Xilinx/Vivado/.Xil/Vivado-16836-Qlala-Blade/coregen/mig_7series_0/mig_7series_0/user_design/rtl/controller/mig_7series_v4_0_bank_cntrl.v'. Please regenerate to continue.
WARNING: [IP_Flow 19-3664] IP 'mig_7series_0' generated file not found 'c:/Users/Qlala/AppData/Roaming/Xilinx/Vivado/.Xil/Vivado-16836-Qlala-Blade/coregen/mig_7series_0/mig_7series_0/user_design/rtl/controller/mig_7series_v4_0_bank_common.v'. Please regenerate to continue.
WARNING: [IP_Flow 19-3664] IP 'mig_7series_0' generated file not found 'c:/Users/Qlala/AppData/Roaming/Xilinx/Vivado/.Xil/Vivado-16836-Qlala-Blade/coregen/mig_7series_0/mig_7series_0/user_design/rtl/controller/mig_7series_v4_0_bank_compare.v'. Please regenerate to continue.
WARNING: [IP_Flow 19-3664] IP 'mig_7series_0' generated file not found 'c:/Users/Qlala/AppData/Roaming/Xilinx/Vivado/.Xil/Vivado-16836-Qlala-Blade/coregen/mig_7series_0/mig_7series_0/user_design/rtl/controller/mig_7series_v4_0_bank_mach.v'. Please regenerate to continue.
WARNING: [IP_Flow 19-3664] IP 'mig_7series_0' generated file not found 'c:/Users/Qlala/AppData/Roaming/Xilinx/Vivado/.Xil/Vivado-16836-Qlala-Blade/coregen/mig_7series_0/mig_7series_0/user_design/rtl/controller/mig_7series_v4_0_bank_queue.v'. Please regenerate to continue.
WARNING: [IP_Flow 19-3664] IP 'mig_7series_0' generated file not found 'c:/Users/Qlala/AppData/Roaming/Xilinx/Vivado/.Xil/Vivado-16836-Qlala-Blade/coregen/mig_7series_0/mig_7series_0/user_design/rtl/controller/mig_7series_v4_0_bank_state.v'. Please regenerate to continue.
WARNING: [IP_Flow 19-3664] IP 'mig_7series_0' generated file not found 'c:/Users/Qlala/AppData/Roaming/Xilinx/Vivado/.Xil/Vivado-16836-Qlala-Blade/coregen/mig_7series_0/mig_7series_0/user_design/rtl/controller/mig_7series_v4_0_col_mach.v'. Please regenerate to continue.
WARNING: [IP_Flow 19-3664] IP 'mig_7series_0' generated file not found 'c:/Users/Qlala/AppData/Roaming/Xilinx/Vivado/.Xil/Vivado-16836-Qlala-Blade/coregen/mig_7series_0/mig_7series_0/user_design/rtl/controller/mig_7series_v4_0_mc.v'. Please regenerate to continue.
WARNING: [IP_Flow 19-3664] IP 'mig_7series_0' generated file not found 'c:/Users/Qlala/AppData/Roaming/Xilinx/Vivado/.Xil/Vivado-16836-Qlala-Blade/coregen/mig_7series_0/mig_7series_0/user_design/rtl/controller/mig_7series_v4_0_rank_cntrl.v'. Please regenerate to continue.
WARNING: [IP_Flow 19-3664] IP 'mig_7series_0' generated file not found 'c:/Users/Qlala/AppData/Roaming/Xilinx/Vivado/.Xil/Vivado-16836-Qlala-Blade/coregen/mig_7series_0/mig_7series_0/user_design/rtl/controller/mig_7series_v4_0_rank_common.v'. Please regenerate to continue.
WARNING: [IP_Flow 19-3664] IP 'mig_7series_0' generated file not found 'c:/Users/Qlala/AppData/Roaming/Xilinx/Vivado/.Xil/Vivado-16836-Qlala-Blade/coregen/mig_7series_0/mig_7series_0/user_design/rtl/controller/mig_7series_v4_0_rank_mach.v'. Please regenerate to continue.
WARNING: [IP_Flow 19-3664] IP 'mig_7series_0' generated file not found 'c:/Users/Qlala/AppData/Roaming/Xilinx/Vivado/.Xil/Vivado-16836-Qlala-Blade/coregen/mig_7series_0/mig_7series_0/user_design/rtl/controller/mig_7series_v4_0_round_robin_arb.v'. Please regenerate to continue.
WARNING: [IP_Flow 19-3664] IP 'mig_7series_0' generated file not found 'c:/Users/Qlala/AppData/Roaming/Xilinx/Vivado/.Xil/Vivado-16836-Qlala-Blade/coregen/mig_7series_0/mig_7series_0/user_design/rtl/ecc/mig_7series_v4_0_ecc_buf.v'. Please regenerate to continue.
WARNING: [IP_Flow 19-3664] IP 'mig_7series_0' generated file not found 'c:/Users/Qlala/AppData/Roaming/Xilinx/Vivado/.Xil/Vivado-16836-Qlala-Blade/coregen/mig_7series_0/mig_7series_0/user_design/rtl/ecc/mig_7series_v4_0_ecc_dec_fix.v'. Please regenerate to continue.
WARNING: [IP_Flow 19-3664] IP 'mig_7series_0' generated file not found 'c:/Users/Qlala/AppData/Roaming/Xilinx/Vivado/.Xil/Vivado-16836-Qlala-Blade/coregen/mig_7series_0/mig_7series_0/user_design/rtl/ecc/mig_7series_v4_0_ecc_gen.v'. Please regenerate to continue.
WARNING: [IP_Flow 19-3664] IP 'mig_7series_0' generated file not found 'c:/Users/Qlala/AppData/Roaming/Xilinx/Vivado/.Xil/Vivado-16836-Qlala-Blade/coregen/mig_7series_0/mig_7series_0/user_design/rtl/ecc/mig_7series_v4_0_ecc_merge_enc.v'. Please regenerate to continue.
WARNING: [IP_Flow 19-3664] IP 'mig_7series_0' generated file not found 'c:/Users/Qlala/AppData/Roaming/Xilinx/Vivado/.Xil/Vivado-16836-Qlala-Blade/coregen/mig_7series_0/mig_7series_0/user_design/rtl/ecc/mig_7series_v4_0_fi_xor.v'. Please regenerate to continue.
WARNING: [IP_Flow 19-3664] IP 'mig_7series_0' generated file not found 'c:/Users/Qlala/AppData/Roaming/Xilinx/Vivado/.Xil/Vivado-16836-Qlala-Blade/coregen/mig_7series_0/mig_7series_0/user_design/rtl/ip_top/mig_7series_v4_0_memc_ui_top_std.v'. Please regenerate to continue.
WARNING: [IP_Flow 19-3664] IP 'mig_7series_0' generated file not found 'c:/Users/Qlala/AppData/Roaming/Xilinx/Vivado/.Xil/Vivado-16836-Qlala-Blade/coregen/mig_7series_0/mig_7series_0/user_design/rtl/ip_top/mig_7series_v4_0_mem_intfc.v'. Please regenerate to continue.
WARNING: [IP_Flow 19-3664] IP 'mig_7series_0' generated file not found 'c:/Users/Qlala/AppData/Roaming/Xilinx/Vivado/.Xil/Vivado-16836-Qlala-Blade/coregen/mig_7series_0/mig_7series_0/user_design/rtl/phy/mig_7series_v4_0_ddr_byte_group_io.v'. Please regenerate to continue.
WARNING: [IP_Flow 19-3664] IP 'mig_7series_0' generated file not found 'c:/Users/Qlala/AppData/Roaming/Xilinx/Vivado/.Xil/Vivado-16836-Qlala-Blade/coregen/mig_7series_0/mig_7series_0/user_design/rtl/phy/mig_7series_v4_0_ddr_byte_lane.v'. Please regenerate to continue.
WARNING: [IP_Flow 19-3664] IP 'mig_7series_0' generated file not found 'c:/Users/Qlala/AppData/Roaming/Xilinx/Vivado/.Xil/Vivado-16836-Qlala-Blade/coregen/mig_7series_0/mig_7series_0/user_design/rtl/phy/mig_7series_v4_0_ddr_calib_top.v'. Please regenerate to continue.
WARNING: [IP_Flow 19-3664] IP 'mig_7series_0' generated file not found 'c:/Users/Qlala/AppData/Roaming/Xilinx/Vivado/.Xil/Vivado-16836-Qlala-Blade/coregen/mig_7series_0/mig_7series_0/user_design/rtl/phy/mig_7series_v4_0_ddr_if_post_fifo.v'. Please regenerate to continue.
WARNING: [IP_Flow 19-3664] IP 'mig_7series_0' generated file not found 'c:/Users/Qlala/AppData/Roaming/Xilinx/Vivado/.Xil/Vivado-16836-Qlala-Blade/coregen/mig_7series_0/mig_7series_0/user_design/rtl/phy/mig_7series_v4_0_ddr_mc_phy.v'. Please regenerate to continue.
INFO: [Common 17-14] Message 'IP_Flow 19-3664' appears 100 times and further instances of the messages will be disabled. Use the Tcl command set_msg_config to change the current settings.
INFO: [open_example_project] Generating the example project IP ...
INFO: [open_example_project] Adding example synthesis HDL files ...
INFO: [open_example_project] Adding example XDC files ...
INFO: [open_example_project] Adding simulation HDL files ...
INFO: [open_example_project] Adding simulation miscellaneous files ...
INFO: [open_example_project] Sourcing example extension scripts ...
Post Processing the example_design
INFO: [open_example_project] Rebuilding all the top level IPs ...
INFO: [IP_Flow 19-1686] Generating 'Change Log' target for IP 'mig_7series_0'...
INFO: [exportsim-Tcl-35] Exporting simulation files for "XSIM" (Xilinx Vivado Simulator)...
INFO: [exportsim-Tcl-29] Script generated: 'C:/xilinx_project/git_project/projet_CPU/projet_CPU/memory_ip/mig_7series_0_ex/mig_7series_0_ex.ip_user_files/sim_scripts/mig_7series_0/xsim/mig_7series_0.sh'
INFO: [SIM-utils-43] Exported 'C:/xilinx_project/git_project/projet_CPU/projet_CPU/memory_ip/mig_7series_0_ex/mig_7series_0_ex.ip_user_files/sim_scripts/mig_7series_0/xsim/mig_a.prj'
INFO: [exportsim-Tcl-35] Exporting simulation files for "MODELSIM" (Mentor Graphics ModelSim Simulator)...
INFO: [exportsim-Tcl-29] Script generated: 'C:/xilinx_project/git_project/projet_CPU/projet_CPU/memory_ip/mig_7series_0_ex/mig_7series_0_ex.ip_user_files/sim_scripts/mig_7series_0/modelsim/mig_7series_0.sh'
INFO: [SIM-utils-43] Exported 'C:/xilinx_project/git_project/projet_CPU/projet_CPU/memory_ip/mig_7series_0_ex/mig_7series_0_ex.ip_user_files/sim_scripts/mig_7series_0/modelsim/mig_a.prj'
INFO: [exportsim-Tcl-35] Exporting simulation files for "QUESTA" (Mentor Graphics Questa Advanced Simulator)...
INFO: [exportsim-Tcl-29] Script generated: 'C:/xilinx_project/git_project/projet_CPU/projet_CPU/memory_ip/mig_7series_0_ex/mig_7series_0_ex.ip_user_files/sim_scripts/mig_7series_0/questa/mig_7series_0.sh'
INFO: [SIM-utils-43] Exported 'C:/xilinx_project/git_project/projet_CPU/projet_CPU/memory_ip/mig_7series_0_ex/mig_7series_0_ex.ip_user_files/sim_scripts/mig_7series_0/questa/mig_a.prj'
INFO: [exportsim-Tcl-35] Exporting simulation files for "IES" (Cadence Incisive Enterprise Simulator)...
INFO: [exportsim-Tcl-29] Script generated: 'C:/xilinx_project/git_project/projet_CPU/projet_CPU/memory_ip/mig_7series_0_ex/mig_7series_0_ex.ip_user_files/sim_scripts/mig_7series_0/ies/mig_7series_0.sh'
INFO: [SIM-utils-43] Exported 'C:/xilinx_project/git_project/projet_CPU/projet_CPU/memory_ip/mig_7series_0_ex/mig_7series_0_ex.ip_user_files/sim_scripts/mig_7series_0/ies/mig_a.prj'
INFO: [exportsim-Tcl-35] Exporting simulation files for "VCS" (Synopsys Verilog Compiler Simulator)...
INFO: [exportsim-Tcl-29] Script generated: 'C:/xilinx_project/git_project/projet_CPU/projet_CPU/memory_ip/mig_7series_0_ex/mig_7series_0_ex.ip_user_files/sim_scripts/mig_7series_0/vcs/mig_7series_0.sh'
INFO: [SIM-utils-43] Exported 'C:/xilinx_project/git_project/projet_CPU/projet_CPU/memory_ip/mig_7series_0_ex/mig_7series_0_ex.ip_user_files/sim_scripts/mig_7series_0/vcs/mig_a.prj'
INFO: [exportsim-Tcl-35] Exporting simulation files for "RIVIERA" (Aldec Riviera-PRO Simulator)...
INFO: [exportsim-Tcl-29] Script generated: 'C:/xilinx_project/git_project/projet_CPU/projet_CPU/memory_ip/mig_7series_0_ex/mig_7series_0_ex.ip_user_files/sim_scripts/mig_7series_0/riviera/mig_7series_0.sh'
INFO: [SIM-utils-43] Exported 'C:/xilinx_project/git_project/projet_CPU/projet_CPU/memory_ip/mig_7series_0_ex/mig_7series_0_ex.ip_user_files/sim_scripts/mig_7series_0/riviera/mig_a.prj'
INFO: [exportsim-Tcl-35] Exporting simulation files for "ACTIVEHDL" (Aldec Active-HDL Simulator)...
INFO: [exportsim-Tcl-29] Script generated: 'C:/xilinx_project/git_project/projet_CPU/projet_CPU/memory_ip/mig_7series_0_ex/mig_7series_0_ex.ip_user_files/sim_scripts/mig_7series_0/activehdl/mig_7series_0.sh'
INFO: [SIM-utils-43] Exported 'C:/xilinx_project/git_project/projet_CPU/projet_CPU/memory_ip/mig_7series_0_ex/mig_7series_0_ex.ip_user_files/sim_scripts/mig_7series_0/activehdl/mig_a.prj'
export_ip_user_files: Time (s): cpu = 00:00:05 ; elapsed = 00:00:05 . Memory (MB): peak = 876.609 ; gain = 16.352
INFO: [open_example_project] Open Example Project completed
update_compile_order -fileset sources_1
update_compile_order -fileset sim_1
exit
INFO: [Common 17-206] Exiting Vivado at Thu Nov 29 21:10:00 2018...
